Log file open, 05/23/19 13:46:40
LogWindows: Failed to load 'aqProf.dll' (GetLastError=126)
LogWindows: File 'aqProf.dll' does not exist
LogWindows: Failed to load 'VSPerf140.dll' (GetLastError=126)
LogWindows: File 'VSPerf140.dll' does not exist
LogWindows: Failed to load 'VtuneApi.dll' (GetLastError=126)
LogWindows: File 'VtuneApi.dll' does not exist
LogWindows: Failed to load 'VtuneApi32e.dll' (GetLastError=126)
LogWindows: File 'VtuneApi32e.dll' does not exist
LogInit: Display: Running engine for game: MyProject2
LogPlatformFile: Not using cached read wrapper
LogTaskGraph: Started task graph with 5 named threads and 11 total threads with 3 sets of task threads.
LogStats: Stats thread started at 0.201144
LogD3D11RHI: Loaded GFSDK_Aftermath_Lib.x64.dll
LogICUInternationalization: Display: ICU TimeZone Detection - Raw Offset: -3:00, Platform Override: ''
LogPluginManager: Mounting plugin Paper2D
LogPluginManager: Mounting plugin AISupport
LogPluginManager: Mounting plugin LightPropagationVolume
LogPluginManager: Mounting plugin CLionSourceCodeAccess
LogPluginManager: Mounting plugin CodeLiteSourceCodeAccess
LogPluginManager: Mounting plugin GitSourceControl
LogPluginManager: Mounting plugin KDevelopSourceCodeAccess
LogPluginManager: Mounting plugin NullSourceCodeAccess
LogPluginManager: Mounting plugin PerforceSourceControl
LogPluginManager: Mounting plugin SubversionSourceControl
LogPluginManager: Mounting plugin UObjectPlugin
LogPluginManager: Mounting plugin VisualStudioCodeSourceCodeAccess
LogPluginManager: Mounting plugin VisualStudioSourceCodeAccess
LogPluginManager: Mounting plugin XCodeSourceCodeAccess
LogPluginManager: Mounting plugin AssetManagerEditor
LogPluginManager: Mounting plugin BlueprintMaterialTextureNodes
LogPluginManager: Mounting plugin CryptoKeys
LogPluginManager: Mounting plugin DataValidation
LogPluginManager: Mounting plugin FacialAnimation
LogPluginManager: Mounting plugin GameplayTagsEditor
LogPluginManager: Mounting plugin MacGraphicsSwitching
LogPluginManager: Mounting plugin MeshEditor
LogPluginManager: Mounting plugin MobileLauncherProfileWizard
LogPluginManager: Mounting plugin PluginBrowser
LogPluginManager: Mounting plugin SpeedTreeImporter
LogPluginManager: Mounting plugin DatasmithContent
LogPluginManager: Mounting plugin AlembicImporter
LogPluginManager: Mounting plugin AppleImageUtils
LogPluginManager: Mounting plugin AppleVision
LogPluginManager: Mounting plugin BackChannel
LogPluginManager: Mounting plugin CharacterAI
LogPluginManager: Mounting plugin GeometryCache
LogPluginManager: Mounting plugin HTML5Networking
LogPluginManager: Mounting plugin ProxyLODPlugin
LogPluginManager: Mounting plugin Niagara
LogPluginManager: Mounting plugin NiagaraExtras
LogPluginManager: Mounting plugin MagicLeap
LogPluginManager: Mounting plugin MagicLeapEmulator
LogPluginManager: Mounting plugin MagicLeapMedia
LogPluginManager: Mounting plugin Substance
LogPluginManager: Mounting plugin AndroidMedia
LogPluginManager: Mounting plugin AvfMedia
LogPluginManager: Mounting plugin ImgMedia
LogPluginManager: Mounting plugin LinearTimecode
LogPluginManager: Mounting plugin MediaCompositing
LogPluginManager: Mounting plugin MediaPlayerEditor
LogPluginManager: Mounting plugin WmfMedia
LogPluginManager: Mounting plugin TcpMessaging
LogPluginManager: Mounting plugin UdpMessaging
LogPluginManager: Mounting plugin ActorSequence
LogPluginManager: Mounting plugin LevelSequenceEditor
LogPluginManager: Mounting plugin MatineeToLevelSequence
LogPluginManager: Mounting plugin NetcodeUnitTest
LogPluginManager: Mounting plugin NUTUnrealEngine4
LogPluginManager: Mounting plugin OnlineSubsystemGooglePlay
LogPluginManager: Mounting plugin OnlineSubsystemIOS
LogPluginManager: Mounting plugin OnlineSubsystem
LogPluginManager: Mounting plugin OnlineSubsystemNull
LogPluginManager: Mounting plugin OnlineSubsystemUtils
LogPluginManager: Mounting plugin PerformanceMonitor
LogPluginManager: Mounting plugin LauncherChunkInstaller
LogPluginManager: Mounting plugin AndroidDeviceProfileSelector
LogPluginManager: Mounting plugin AndroidMoviePlayer
LogPluginManager: Mounting plugin AndroidPermission
LogPluginManager: Mounting plugin AppleMoviePlayer
LogPluginManager: Mounting plugin ArchVisCharacter
LogPluginManager: Mounting plugin AudioCapture
LogPluginManager: Mounting plugin CableComponent
LogPluginManager: Mounting plugin CustomMeshComponent
LogPluginManager: Mounting plugin EditableMesh
LogPluginManager: Mounting plugin ExampleDeviceProfileSelector
LogPluginManager: Mounting plugin GoogleCloudMessaging
LogPluginManager: Mounting plugin ImmediatePhysics
LogPluginManager: Mounting plugin IOSDeviceProfileSelector
LogPluginManager: Mounting plugin LinuxDeviceProfileSelector
LogPluginManager: Mounting plugin LocationServicesBPLibrary
LogPluginManager: Mounting plugin MobilePatchingUtils
LogPluginManager: Mounting plugin OculusVR
LogPluginManager: Plugin shader directory ../../../Engine/Plugins/Runtime/Oculus/OculusVR/Shaders found
LogPluginManager: Mapping shader source directory ../../../Engine/Plugins/Runtime/Oculus/OculusVR/Shaders to virtual directory /Plugin/OculusVR
LogPluginManager: Mounting plugin PhysXVehicles
LogPluginManager: Mounting plugin ProceduralMeshComponent
LogPluginManager: Mounting plugin RuntimePhysXCooking
LogPluginManager: Mounting plugin SteamVR
LogPluginManager: Mounting plugin WindowsMoviePlayer
LogStreaming: Display: Took  0.197s to configure plugins.
LogInit: Using libcurl 7.55.1-DEV
LogInit:  - built for x86_64-pc-win32
LogInit:  - supports SSL with OpenSSL/1.0.2h
LogInit:  - supports HTTP deflate (compression) using libz 1.2.8
LogInit:  - other features:
LogInit:      CURL_VERSION_SSL
LogInit:      CURL_VERSION_LIBZ
LogInit:      CURL_VERSION_IPV6
LogInit:      CURL_VERSION_ASYNCHDNS
LogInit:      CURL_VERSION_LARGEFILE
LogInit:      CURL_VERSION_IDN
LogInit:  CurlRequestOptions (configurable via config and command line):
LogInit:  - bVerifyPeer = false  - Libcurl will NOT verify peer certificate
LogInit:  - bUseHttpProxy = false  - Libcurl will NOT use HTTP proxy
LogInit:  - bDontReuseConnections = false  - Libcurl will reuse connections
LogInit:  - CertBundlePath = nullptr  - Libcurl will use whatever was configured at build time.
LogInit:  - MaxHostConnections = 16  - Libcurl will limit the number of connections to a host
LogInit:  - LocalHostAddr = Default
LogInit:  - BufferSize = 65536
LogInit: WinSock: version 1.1 (2.2), MaxSocks=32767, MaxUdp=65467
LogInit: Build: ++UE4+Release-4.20-CL-4369336
LogInit: Engine Version: 4.20.3-4369336+++UE4+Release-4.20
LogInit: Compatible Engine Version: 4.20.0-4212847+++UE4+Release-4.20
LogInit: Net CL: 4212847
LogInit: OS: Windows 8.1 (), CPU: Intel(R) Core(TM) i5-5200U CPU @ 2.20GHz, GPU: Intel(R) HD Graphics 5500
LogInit: Compiled (64-bit): Sep 17 2018 12:26:19
LogInit: Compiled with Visual C++: 19.13.26129.00
LogInit: Build Configuration: Development
LogInit: Branch Name: ++UE4+Release-4.20
LogInit: Command Line:  
LogInit: Base Directory: C:/Program Files/Epic Games/UE_4.20/Engine/Binaries/Win64/
LogInit: Installed Engine Build: 1
LogDevObjectVersion: Number of dev versions registered: 20
LogDevObjectVersion:   Dev-Blueprints (B0D832E4-1F89-4F0D-ACCF-7EB736FD4AA2): 10
LogDevObjectVersion:   Dev-Build (E1C64328-A22C-4D53-A36C-8E866417BD8C): 0
LogDevObjectVersion:   Dev-Core (375EC13C-06E4-48FB-B500-84F0262A717E): 2
LogDevObjectVersion:   Dev-Editor (E4B068ED-F494-42E9-A231-DA0B2E46BB41): 24
LogDevObjectVersion:   Dev-Framework (CFFC743F-43B0-4480-9391-14DF171D2073): 34
LogDevObjectVersion:   Dev-Mobile (B02B49B5-BB20-44E9-A304-32B752E40360): 2
LogDevObjectVersion:   Dev-Networking (A4E4105C-59A1-49B5-A7C5-40C4547EDFEE): 0
LogDevObjectVersion:   Dev-Online (39C831C9-5AE6-47DC-9A44-9C173E1C8E7C): 0
LogDevObjectVersion:   Dev-Physics (78F01B33-EBEA-4F98-B9B4-84EACCB95AA2): 0
LogDevObjectVersion:   Dev-Platform (6631380F-2D4D-43E0-8009-CF276956A95A): 0
LogDevObjectVersion:   Dev-Rendering (12F88B9F-8875-4AFC-A67C-D90C383ABD29): 26
LogDevObjectVersion:   Dev-Sequencer (7B5AE74C-D270-4C10-A958-57980B212A5A): 9
LogDevObjectVersion:   Dev-VR (D7296918-1DD6-4BDD-9DE2-64A83CC13884): 2
LogDevObjectVersion:   Dev-LoadTimes (C2A15278-BFE7-4AFE-6C17-90FF531DF755): 1
LogDevObjectVersion:   Private-Geometry (6EACA3D4-40EC-4CC1-B786-8BED09428FC5): 3
LogDevObjectVersion:   Dev-AnimPhys (29E575DD-E0A3-4627-9D10-D276232CDCEA): 17
LogDevObjectVersion:   Dev-ReflectionCapture (6B266CEC-1EC7-4B8F-A30B-E4D90942FC07): 1
LogDevObjectVersion:   Dev-Automation (0DF73D61-A23F-47EA-B727-89E90C41499A): 1
LogDevObjectVersion:   FortniteMain (601D1886-AC64-4F84-AA16-D3DE0DEAC7D6): 12
LogDevObjectVersion:   Dev-Enterprise (9DFFBCD6-494F-0158-E221-12823C92A888): 1
LogStreaming: Display: Took  0.001s to delete old logs.
LogInit: Presizing for max 8388607 objects, including 0 objects not considered by GC, pre-allocating 0 bytes for permanent pool.
LogInit: Object subsystem initialized
[2019.05.23-16.46.41:095][  0]LogInit: Selected Device Profile: [Windows]
[2019.05.23-16.46.41:095][  0]LogInit: Applying CVar settings loaded from the selected device profile: [Windows]
[2019.05.23-16.46.41:110][  0]LogHAL: Display: Platform has ~ 8 GB [8500232192 / 8589934592 / 8], which maps to Default [LargestMinGB=32, LargerMinGB=12, DefaultMinGB=8, SmallerMinGB=6, SmallestMinGB=0)
[2019.05.23-16.46.41:110][  0]LogInit: Setting Device Profile CVar: [[r.Vulkan.UseRealUBs:1]]
[2019.05.23-16.46.41:110][  0]LogInit: Going up to parent DeviceProfile []
[2019.05.23-16.46.41:111][  0]LogInit: Computer: MEUCANTINHO
[2019.05.23-16.46.41:111][  0]LogInit: User: ioná
[2019.05.23-16.46.41:111][  0]LogInit: CPU Page size=4096, Cores=2
[2019.05.23-16.46.41:111][  0]LogInit: High frequency timer resolution =2.143474 MHz
[2019.05.23-16.46.41:111][  0]LogMemory: Memory total: Physical=7.9GB (8GB approx)
[2019.05.23-16.46.41:111][  0]LogMemory: Platform Memory Stats for Windows
[2019.05.23-16.46.41:111][  0]LogMemory: Process Physical Memory: 98.93 MB used, 98.93 MB peak
[2019.05.23-16.46.41:112][  0]LogMemory: Process Virtual Memory: 84.17 MB used, 84.17 MB peak
[2019.05.23-16.46.41:112][  0]LogMemory: Physical Memory: 4435.07 MB used,  3671.39 MB free, 8106.45 MB total
[2019.05.23-16.46.41:112][  0]LogMemory: Virtual Memory: 464.70 MB used,  3671.39 MB free, 134217728.00 MB total
[2019.05.23-16.46.41:142][  0]LogInit: Overriding language with editor language configuration option (en).
[2019.05.23-16.46.41:142][  0]LogInit: Overriding locale with editor locale configuration option (en).
[2019.05.23-16.46.41:836][  0]LogStreaming: Display: Took  0.695s to InitEngineTextLocalization.
[2019.05.23-16.46.41:836][  0]LogInit: Setting process to per monitor DPI aware
[2019.05.23-16.46.41:880][  0]LogSlate: New Slate User Created.  User Index 0, Is Virtual User: 0
[2019.05.23-16.46.41:880][  0]LogSlate: Slate User Registered.  User Index 0, Is Virtual User: 0
[2019.05.23-16.46.43:665][  0]LogHMD: Failed to initialize OpenVR with code 110
[2019.05.23-16.46.43:665][  0]LogD3D11RHI: D3D11 adapters:
[2019.05.23-16.46.43:742][  0]LogD3D11RHI:    0. 'Intel(R) HD Graphics 5500' (Feature Level 11_0)
[2019.05.23-16.46.43:742][  0]LogD3D11RHI:       0/0/3839 MB DedicatedVideo/DedicatedSystem/SharedSystem, Outputs:1, VendorId:0x8086
[2019.05.23-16.46.43:745][  0]LogD3D11RHI:    1. 'Microsoft Basic Render Driver' (Feature Level 11_0)
[2019.05.23-16.46.43:745][  0]LogD3D11RHI:       0/0/256 MB DedicatedVideo/DedicatedSystem/SharedSystem, Outputs:0, VendorId:0x1414
[2019.05.23-16.46.43:745][  0]LogD3D11RHI: Chosen D3D11 Adapter: 0
[2019.05.23-16.46.43:753][  0]LogD3D11RHI: Creating new Direct3DDevice
[2019.05.23-16.46.43:753][  0]LogD3D11RHI:     GPU DeviceId: 0x1616 (for the marketing name, search the web for "GPU Device Id")
[2019.05.23-16.46.43:753][  0]LogWindows: EnumDisplayDevices:
[2019.05.23-16.46.43:754][  0]LogWindows:    0. 'Intel(R) HD Graphics 5500' (P:1 D:1)
[2019.05.23-16.46.43:755][  0]LogWindows:    1. 'Intel(R) HD Graphics 5500' (P:0 D:0)
[2019.05.23-16.46.43:755][  0]LogWindows:    2. 'Intel(R) HD Graphics 5500' (P:0 D:0)
[2019.05.23-16.46.43:756][  0]LogWindows: DebugString: FoundDriverCount:3 
[2019.05.23-16.46.43:756][  0]LogD3D11RHI:     Adapter Name: Intel(R) HD Graphics 5500
[2019.05.23-16.46.43:756][  0]LogD3D11RHI:   Driver Version: 10.18.10.4013 (internal:10.18.10.4013, unified:10.18.10.4013)
[2019.05.23-16.46.43:756][  0]LogD3D11RHI:      Driver Date: 11-11-2014
[2019.05.23-16.46.43:756][  0]LogRHI: Texture pool is 1343 MB (70% of 1919 MB)
[2019.05.23-16.46.43:772][  0]LogD3D11RHI: Async texture creation enabled
[2019.05.23-16.46.43:782][  0]LogD3D11RHI: GPU Timing Frequency: 12.500000 (Debug: 2 0)
[2019.05.23-16.46.43:783][  0]LogShaderCompilers: Guid format shader working directory is -47 characters bigger than the processId version (../../../../../../Users/ioná/Documents/GitHub/MyProjectDecora/MyFactoryDecora/MyProject2 4.19/Intermediate/Shaders/WorkingDirectory/452/).
[2019.05.23-16.46.43:784][  0]LogShaderCompilers: Cleaned the shader compiler working directory 'C:/Users/ioná/AppData/Local/Temp/UnrealShaderWorkingDir/1048747C4606AD515B69C3BC9E108ADD/'.
[2019.05.23-16.46.47:332][  0]LogTemp: Display: Loaded TP AllDesktopTargetPlatform
[2019.05.23-16.46.47:363][  0]LogTemp: Display: Loaded TP MacClientTargetPlatform
[2019.05.23-16.46.47:389][  0]LogTemp: Display: Loaded TP MacNoEditorTargetPlatform
[2019.05.23-16.46.47:413][  0]LogTemp: Display: Loaded TP MacServerTargetPlatform
[2019.05.23-16.46.47:464][  0]LogTemp: Display: Loaded TP MacTargetPlatform
[2019.05.23-16.46.47:490][  0]LogTemp: Display: Loaded TP WindowsClientTargetPlatform
[2019.05.23-16.46.47:520][  0]LogTemp: Display: Loaded TP WindowsNoEditorTargetPlatform
[2019.05.23-16.46.47:547][  0]LogTemp: Display: Loaded TP WindowsServerTargetPlatform
[2019.05.23-16.46.47:561][  0]LogTemp: Display: Loaded TP WindowsTargetPlatform
[2019.05.23-16.46.47:759][  0]LogTemp: Display: Loaded TP AndroidTargetPlatform
[2019.05.23-16.46.47:759][  0]LogTemp: Display: Loaded TP AndroidTargetPlatform
[2019.05.23-16.46.47:759][  0]LogTemp: Display: Loaded TP AndroidTargetPlatform
[2019.05.23-16.46.47:759][  0]LogTemp: Display: Loaded TP AndroidTargetPlatform
[2019.05.23-16.46.47:759][  0]LogTemp: Display: Loaded TP AndroidTargetPlatform
[2019.05.23-16.46.47:759][  0]LogTemp: Display: Loaded TP AndroidTargetPlatform
[2019.05.23-16.46.47:759][  0]LogTemp: Display: Loaded TP AndroidTargetPlatform
[2019.05.23-16.46.47:759][  0]LogTemp: Display: Loaded TP AndroidTargetPlatform
[2019.05.23-16.46.47:759][  0]LogTemp: Display: Loaded TP AndroidTargetPlatform
[2019.05.23-16.46.47:759][  0]LogTemp: Display: Loaded TP AndroidTargetPlatform
[2019.05.23-16.46.47:759][  0]LogTemp: Display: Loaded TP AndroidTargetPlatform
[2019.05.23-16.46.47:759][  0]LogTemp: Display: Loaded TP AndroidTargetPlatform
[2019.05.23-16.46.47:759][  0]LogTemp: Display: Loaded TP AndroidTargetPlatform
[2019.05.23-16.46.47:759][  0]LogTemp: Display: Loaded TP AndroidTargetPlatform
[2019.05.23-16.46.47:759][  0]LogTemp: Display: Loaded TP AndroidTargetPlatform
[2019.05.23-16.46.47:759][  0]LogTemp: Display: Loaded TP AndroidTargetPlatform
[2019.05.23-16.46.47:760][  0]LogTemp: Display: Loaded TP AndroidTargetPlatform
[2019.05.23-16.46.47:760][  0]LogTemp: Display: Loaded TP AndroidTargetPlatform
[2019.05.23-16.46.47:761][  0]LogTemp: Display: Loaded TP HTML5TargetPlatform
[2019.05.23-16.46.47:880][  0]LogTemp: Display: Loaded TP IOSTargetPlatform
[2019.05.23-16.46.47:880][  0]LogTemp: Display: Loaded TP IOSTargetPlatform
[2019.05.23-16.46.47:932][  0]LogTemp: Display: Loaded TP TVOSTargetPlatform
[2019.05.23-16.46.47:932][  0]LogTemp: Display: Loaded TP TVOSTargetPlatform
[2019.05.23-16.46.47:956][  0]LogTemp: Display: Loaded TP LinuxClientTargetPlatform
[2019.05.23-16.46.47:982][  0]LogTemp: Display: Loaded TP LinuxNoEditorTargetPlatform
[2019.05.23-16.46.48:008][  0]LogTemp: Display: Loaded TP LinuxServerTargetPlatform
[2019.05.23-16.46.48:053][  0]LogTemp: Display: Loaded TP LinuxTargetPlatform
[2019.05.23-16.46.48:074][  0]LogTemp: Display: Loaded TP LuminTargetPlatform
[2019.05.23-16.46.48:074][  0]LogTargetPlatformManager: Display: Building Assets For Windows
[2019.05.23-16.46.48:200][  0]LogXGEController: Cleaning working directory: C:/Users/ioná/AppData/Local/Temp/UnrealXGEWorkingDir/
[2019.05.23-16.46.48:200][  0]LogXGEController: Cannot use XGE Controller as Incredibuild is not installed on this machine.
[2019.05.23-16.46.48:200][  0]LogShaderCompilers: Cannot use XGE Shader Compiler as Incredibuild is not installed on this machine.
[2019.05.23-16.46.48:200][  0]LogShaderCompilers: Display: Using Local Shader Compiler.
[2019.05.23-16.46.50:011][  0]LogDerivedDataCache: Display: Max Cache Size: 512 MB
[2019.05.23-16.46.50:149][  0]LogDerivedDataCache: Loaded boot cache 0.14s 79MB C:/Users/ioná/AppData/Local/UnrealEngine/4.20/DerivedDataCache/Boot.ddc.
[2019.05.23-16.46.50:151][  0]LogDerivedDataCache: Display: Loaded Boot cache: C:/Users/ioná/AppData/Local/UnrealEngine/4.20/DerivedDataCache/Boot.ddc
[2019.05.23-16.46.50:151][  0]LogDerivedDataCache: FDerivedDataBackendGraph:  Pak pak cache file ../../../../../../Users/ioná/Documents/GitHub/MyProjectDecora/MyFactoryDecora/MyProject2 4.19/DerivedDataCache/DDC.ddp not found, will not use a pak cache.
[2019.05.23-16.46.50:151][  0]LogDerivedDataCache: Unable to find inner node Pak for hierarchical cache Hierarchy.
[2019.05.23-16.46.50:151][  0]LogDerivedDataCache: FDerivedDataBackendGraph:  CompressedPak pak cache file ../../../../../../Users/ioná/Documents/GitHub/MyProjectDecora/MyFactoryDecora/MyProject2 4.19/DerivedDataCache/Compressed.ddp not found, will not use a pak cache.
[2019.05.23-16.46.50:151][  0]LogDerivedDataCache: Unable to find inner node CompressedPak for hierarchical cache Hierarchy.
[2019.05.23-16.46.50:174][  0]LogDerivedDataCache: Display: Pak cache opened for reading ../../../Engine/DerivedDataCache/Compressed.ddp.
[2019.05.23-16.46.50:187][  0]LogDerivedDataCache: Using Local data cache path C:/Users/ioná/AppData/Local/UnrealEngine/Common/DerivedDataCache: Writable
[2019.05.23-16.46.50:187][  0]LogDerivedDataCache: Shared data cache path not found in *engine.ini, will not use an Shared cache.
[2019.05.23-16.46.50:187][  0]LogDerivedDataCache: Unable to find inner node Shared for hierarchical cache Hierarchy.
[2019.05.23-16.46.50:226][  0]LogMaterial: Verifying Global Shaders for PCD3D_SM5
[2019.05.23-16.46.50:228][  0]LogSlate: Using FreeType 2.6.0
[2019.05.23-16.46.50:254][  0]LogSlate: SlateFontServices - WITH_FREETYPE: 1, WITH_HARFBUZZ: 1
[2019.05.23-16.46.51:231][  0]LogAssetRegistry: FAssetRegistry took 0.0334 seconds to start up
[2019.05.23-16.46.51:995][  0]LogInit: Selected Device Profile: [Windows]
[2019.05.23-16.46.52:310][  0]LogSimplygon: Simplygon DLL not present - disabling.
[2019.05.23-16.46.52:314][  0]LogMeshReduction: Using SimplygonSwarm for distributed automatic mesh merging
[2019.05.23-16.46.52:314][  0]LogMeshReduction: Using ProxyLODMeshReduction for automatic mesh merging
[2019.05.23-16.46.52:314][  0]LogMeshReduction: Using QuadricMeshReduction for automatic static mesh reduction
[2019.05.23-16.46.52:314][  0]LogMeshReduction: No automatic skeletal mesh reduction module available
[2019.05.23-16.46.52:336][  0]LogNetVersion: MyProject2 1.0.0, NetCL: 4212847, EngineNetVer: 5, GameNetVer: 0 (Checksum: 1482868377)
[2019.05.23-16.46.53:229][  0]LogPackageLocalizationCache: Processed 14 localized package path(s) for 1 prioritized culture(s) in 0.089727 seconds
[2019.05.23-16.46.53:243][  0]LogUObjectArray: 38438 objects as part of root set at end of initial load.
[2019.05.23-16.46.53:243][  0]LogUObjectAllocator: 6693864 out of 0 bytes used by permanent object pool.
[2019.05.23-16.46.53:243][  0]LogUObjectArray: CloseDisregardForGC: 0/0 objects in disregard for GC pool
[2019.05.23-16.47.19:667][  0]LogSubstanceCoreModule: Substance [GPU] Engine Loaded, Max Texture Size = 8192
[2019.05.23-16.47.19:672][  0]LogTcpMessaging: Initializing TcpMessaging bridge
[2019.05.23-16.47.19:685][  0]LogUdpMessaging: Initializing bridge on interface 0.0.0.0:0 to multicast group 230.0.0.1:6666.
[2019.05.23-16.47.19:903][  0]SourceControl: Source control is disabled
[2019.05.23-16.47.19:903][  0]SourceControl: Source control is disabled
[2019.05.23-16.47.19:918][  0]SourceControl: Source control is disabled
[2019.05.23-16.47.19:919][  0]SourceControl: Source control is disabled
[2019.05.23-16.47.20:155][  0]LogAndroidPermission: UAndroidPermissionCallbackProxy::GetInstance
[2019.05.23-16.47.20:224][  0]LogOcInput: OculusInput pre-init called
[2019.05.23-16.47.20:471][  0]LogEngine: Initializing Engine...
[2019.05.23-16.47.20:472][  0]LogHMD: Failed to initialize OpenVR with code 110
[2019.05.23-16.47.20:474][  0]LogStats: UGameplayTagsManager::ConstructGameplayTagTree: ImportINI prefixes -  0.000 s
[2019.05.23-16.47.20:474][  0]LogStats: UGameplayTagsManager::ConstructGameplayTagTree: Construct from data asset -  0.000 s
[2019.05.23-16.47.20:474][  0]LogStats: UGameplayTagsManager::ConstructGameplayTagTree: ImportINI -  0.000 s
[2019.05.23-16.47.20:474][  0]LogStats: UGameplayTagsManager::ConstructGameplayTagTree: GameplayTagTreeChangedEvent.Broadcast -  0.000 s
[2019.05.23-16.47.20:868][  0]LogInit: Initializing FReadOnlyCVARCache
[2019.05.23-16.47.20:930][  0]LogAIModule: Creating AISystem for world Untitled
[2019.05.23-16.47.20:947][  0]LogInit: XAudio2 using 'Alto-falantes (Dispositivo de High Definition Audio)' : 2 channels at 44.1 kHz using 16 bits per sample (channel mask 0x3)
[2019.05.23-16.47.21:037][  0]LogInit: FAudioDevice initialized.
[2019.05.23-16.47.21:037][  0]LogNetVersion: Set ProjectVersion to 1.0.0.0. Version Checksum will be recalculated on next use.
[2019.05.23-16.47.22:395][  0]LogDerivedDataCache: Saved boot cache 1.36s 72MB C:/Users/ioná/AppData/Local/UnrealEngine/4.20/DerivedDataCache/Boot.ddc.
[2019.05.23-16.47.22:396][  0]LogInit: Texture streaming: Enabled
[2019.05.23-16.47.22:421][  0]LogEngineSessionManager: EngineSessionManager initialized
[2019.05.23-16.47.22:436][  0]LogInit: Transaction tracking system initialized
[2019.05.23-16.47.22:466][  0]BlueprintLog: New page: Editor Load
[2019.05.23-16.47.22:569][  0]LocalizationService: Localization service is disabled
[2019.05.23-16.47.22:645][  0]LogLinker: Warning: Can't find file '/Game/Survival_Inventory/Documentation'
[2019.05.23-16.47.22:646][  0]LogLinker: Warning: Can't find file '/Game/Survival_Inventory/Documentation'
[2019.05.23-16.47.22:646][  0]LogUObjectGlobals: Warning: Failed to find object 'Class /Game/Survival_Inventory/Documentation.Documentation_C'
[2019.05.23-16.47.23:649][  0]LogCook: Display: Max memory allowance for cook 16384mb min free memory 0mb
[2019.05.23-16.47.23:649][  0]LogCook: Display: Mobile HDR setting 1
[2019.05.23-16.47.23:649][  0]LogGameplayTags: Display: UGameplayTagsManager::DoneAddingNativeTags. DelegateIsBound: 0
[2019.05.23-16.47.23:649][  0]LogStats: UGameplayTagsManager::ConstructGameplayTagTree: ImportINI prefixes -  0.000 s
[2019.05.23-16.47.23:650][  0]LogStats: UGameplayTagsManager::ConstructGameplayTagTree: Construct from data asset -  0.000 s
[2019.05.23-16.47.23:650][  0]LogStats: UGameplayTagsManager::ConstructGameplayTagTree: ImportINI -  0.000 s
[2019.05.23-16.47.23:650][  0]LogStats: UGameplayTagsManager::ConstructGameplayTagTree: GameplayTagTreeChangedEvent.Broadcast -  0.000 s
[2019.05.23-16.47.23:882][  0]LogFileCache: Scanning file cache for directory 'C:/Users/ioná/Documents/GitHub/MyProjectDecora/MyFactoryDecora/MyProject2 4.19/Content/' took 0.04s
[2019.05.23-16.47.23:882][  0]SourceControl: Source control is disabled
[2019.05.23-16.47.23:883][  0]LightingResults: New page: Lighting Build
[2019.05.23-16.47.23:886][  0]MapCheck: New page: Map Check
[2019.05.23-16.47.23:886][  0]LightingResults: New page: Lighting Build
[2019.05.23-16.47.27:117][  0]LogAIModule: Creating AISystem for world FirstPersonExampleMap1
[2019.05.23-16.47.27:169][  0]LogScript: Warning: Script Msg: Attempted to access index 0 from array 'NewVar_0_0' of length 0 in '/Game/Blueprints/BP_Couch.BP_Couch_C'!
[2019.05.23-16.47.27:169][  0]LogScript: Warning: Script Msg: Attempted to access index 0 from array 'StaticMeshComponent' of length 0 in '/Game/Blueprints/BP_Interectable.BP_Interectable_C'!
[2019.05.23-16.47.27:169][  0]LogScript: Warning: Accessed None trying to read property CallFunc_Array_Get_Item1
	BP_Couch_C /Game/FirstPersonBP/Maps/FirstPersonExampleMap1.FirstPersonExampleMap1:PersistentLevel.SM_Couch2
	Function /Game/Blueprints/BP_Couch.BP_Couch_C:UserConstructionScript:0151
[2019.05.23-16.47.27:172][  0]LogScript: Warning: Script Msg: Attempted to access index 0 from array 'NewVar_0_0' of length 0 in '/Game/Blueprints/BP_Couch.BP_Couch_C'!
[2019.05.23-16.47.27:173][  0]LogScript: Warning: Script Msg: Attempted to access index 0 from array 'StaticMeshComponent' of length 0 in '/Game/Blueprints/BP_Interectable.BP_Interectable_C'!
[2019.05.23-16.47.27:173][  0]LogScript: Warning: Accessed None trying to read property CallFunc_Array_Get_Item1
	BP_Couch_C /Game/FirstPersonBP/Maps/FirstPersonExampleMap1.FirstPersonExampleMap1:PersistentLevel.SM_Couch_29
	Function /Game/Blueprints/BP_Couch.BP_Couch_C:UserConstructionScript:0151
[2019.05.23-16.47.27:182][  0]LogEditorServer: Finished looking for orphan Actors (0.000 secs)
[2019.05.23-16.47.27:530][  0]Cmd: MAP CHECKDEP NOCLEARLOG
[2019.05.23-16.47.27:767][  0]MapCheck: Map check complete: 0 Error(s), 0 Warning(s), took 237.376ms to complete.
[2019.05.23-16.47.27:768][  0]LogFileHelpers: Loading map 'FirstPersonExampleMap1' took 3.885
[2019.05.23-16.47.27:886][  0]LogSlate: Updating window title bar state: overlay mode, drag disabled, window buttons hidden, title bar hidden
[2019.05.23-16.47.27:903][  0]LogSlate: Updating window title bar state: overlay mode, drag disabled, window buttons hidden, title bar hidden
[2019.05.23-16.47.27:919][  0]LogSlate: Updating window title bar state: overlay mode, drag disabled, window buttons hidden, title bar hidden
[2019.05.23-16.47.27:935][  0]LogSlate: Updating window title bar state: overlay mode, drag disabled, window buttons hidden, title bar hidden
[2019.05.23-16.47.27:947][  0]LogCollectionManager: Loaded 0 collections in 0.003312 seconds
[2019.05.23-16.47.27:999][  0]LogFileCache: Scanning file cache for directory 'C:/Users/ioná/Documents/GitHub/MyProjectDecora/MyFactoryDecora/MyProject2 4.19/Saved/Collections/' took 0.01s
[2019.05.23-16.47.27:999][  0]LogFileCache: Scanning file cache for directory 'C:/Users/ioná/Documents/GitHub/MyProjectDecora/MyFactoryDecora/MyProject2 4.19/Content/Developers/ioná/Collections/' took 0.01s
[2019.05.23-16.47.27:999][  0]LogFileCache: Scanning file cache for directory 'C:/Users/ioná/Documents/GitHub/MyProjectDecora/MyFactoryDecora/MyProject2 4.19/Content/Collections/' took 0.02s
[2019.05.23-16.47.27:999][  0]LogCollectionManager: Rebuilt the GUID cache for 0 collections in 0.000000 seconds
[2019.05.23-16.47.28:022][  0]LogContentBrowser: Native class hierarchy populated in 0.0228 seconds. Added 2701 classes and 628 folders.
[2019.05.23-16.47.28:034][  0]LogContentBrowser: Native class hierarchy updated for 'WidgetCarousel' in 0.0003 seconds. Added 0 classes and 0 folders.
[2019.05.23-16.47.28:116][  0]LogContentBrowser: Native class hierarchy updated for 'AddContentDialog' in 0.0005 seconds. Added 0 classes and 0 folders.
[2019.05.23-16.47.28:315][  0]LogContentBrowser: Native class hierarchy updated for 'SceneOutliner' in 0.0006 seconds. Added 1 classes and 2 folders.
[2019.05.23-16.47.30:787][  0]LogSlate: Only BGRA pngs, bmps or icos are supported in by External Image Picker
[2019.05.23-16.47.30:931][  0]LogSlate: Took 0.000460 seconds to synchronously load lazily loaded font '../../../Engine/Content/Slate/Fonts/Roboto-Regular.ttf' (155K)
[2019.05.23-16.47.30:942][  0]LogSlate: Took 0.001644 seconds to synchronously load lazily loaded font '../../../Engine/Content/Slate/Fonts/Roboto-Bold.ttf' (160K)
[2019.05.23-16.47.30:953][  0]LogSlate: Took 0.000548 seconds to synchronously load lazily loaded font '../../../Engine/Content/Editor/Slate/Fonts/FontAwesome.ttf' (139K)
[2019.05.23-16.47.31:119][  0]LogRenderer: Reallocating scene render targets to support 948x332 Format 9 NumSamples 1 (Frame:1).
[2019.05.23-16.47.32:305][  0]LogTemp: Executing iPhonePackager certificates Engine -bundlename com.YourCompany.MyProject2
[2019.05.23-16.47.32:305][  0]LogTemp: CWD: C:\Program Files\Epic Games\UE_4.20\Engine\Binaries\DotNET\IOS
[2019.05.23-16.47.32:305][  0]LogTemp: Initial Dir: C:\Program Files\Epic Games\UE_4.20
[2019.05.23-16.47.32:305][  0]LogTemp: Env CWD: C:\Program Files\Epic Games\UE_4.20\Engine\Binaries\DotNET\IOS
[2019.05.23-16.47.32:305][  0]LogTemp: BranchPath = MEUCANTINHO/C/Program Files/Epic Games/UE_4.20/Engine/Binaries --- GameBranchPath = MEUCANTINHO/C/Program Files/Epic Games/UE_4.20/Engine/Binaries
[2019.05.23-16.47.32:305][  0]LogTemp: IPP ERROR: Could not find provision directory 'C:\Users\ion?\AppData\Local/Apple Computer/MobileDevice/Provisioning Profiles/'.
[2019.05.23-16.47.32:326][  0]LogContentBrowser: Native class hierarchy updated for 'HierarchicalLODOutliner' in 0.0008 seconds. Added 0 classes and 0 folders.
[2019.05.23-16.47.32:327][  0]LogLoad: (Engine Initialization) Total time: 53.12 seconds
[2019.05.23-16.47.32:327][  0]LogLoad: (Engine Initialization) Total Blueprint compile time: 0.00 seconds
[2019.05.23-16.47.32:390][  0]LogContentStreaming: Texture pool size now 400 MB
[2019.05.23-16.47.32:513][  1]LogSubstanceLiveLink: Warning: Unable to send data along socket, closing connection
[2019.05.23-16.47.34:564][ 10]LogAssetRegistry: Asset discovery search completed in 43.3554 seconds
[2019.05.23-16.47.34:569][ 10]LogCollectionManager: Rebuilt the object cache for 0 collections in 0.000002 seconds (found 0 objects)
[2019.05.23-16.47.34:569][ 10]LogCollectionManager: Fixed up redirectors for 0 collections in 0.000266 seconds (updated 0 objects)
[2019.05.23-16.47.43:431][ 67]LogSlate: FSceneViewport::OnFocusLost() reason 0
[2019.05.23-16.47.51:698][327]LogSlate: Window 'Color Picker' being destroyed
[2019.05.23-16.48.01:601][530]LogSlate: Took 0.024185 seconds to synchronously load lazily loaded font '../../../Engine/Content/Slate/Fonts/Roboto-Light.ttf' (167K)
[2019.05.23-16.48.10:872][530]LogMaterial: Display: Missing cached shader map for material Mat_Opaque, compiling. 
[2019.05.23-16.48.14:348][530]LogShaderCompilers: Display: Shaders left to compile 69
[2019.05.23-16.48.14:348][530]LogShaderCompilers: Display: Shaders left to compile 59
[2019.05.23-16.48.14:348][530]LogShaderCompilers: Display: Shaders left to compile 49
[2019.05.23-16.48.22:388][530]LogMaterial: Display: Missing cached shader map for material Mat_SSS_colorMask, compiling. 
[2019.05.23-16.48.26:234][530]LogMaterial: Display: Missing cached shader map for material Mat_Opaque_colorMask, compiling. 
[2019.05.23-16.48.35:310][530]LogMaterial: Display: Missing cached shader map for material Mat_Masked, compiling. 
[2019.05.23-16.48.38:362][530]LogShaderCompilers: Display: Shaders left to compile 197
[2019.05.23-16.48.45:573][530]LogShaderCompilers: Display: Shaders left to compile 187
[2019.05.23-16.48.45:985][530]LogShaderCompilers: Display: Shaders left to compile 177
[2019.05.23-16.48.45:985][530]LogMaterial: Display: Missing cached shader map for material Mat_OpaqueEmissive, compiling. 
[2019.05.23-16.48.56:576][530]LogMaterial: Display: Missing cached shader map for material Mat_Glass, compiling. 
[2019.05.23-16.48.57:382][530]LogShaderCompilers: Display: Shaders left to compile 241
[2019.05.23-16.48.57:833][530]LogMaterial: Display: Missing cached shader map for material Mat_Ground, compiling. 
[2019.05.23-16.49.01:409][530]LogAnimationCompression: Building Anim DDC data for AnimSequence /Game/HQ_ResidentialHouse/Meshes/DoorGarage/Garage_door_Anim.Garage_door_Anim
[2019.05.23-16.49.01:522][530]LogAnimationCompression: Recompressing (AnimSequence /Game/HQ_ResidentialHouse/Meshes/DoorGarage/Garage_door_Anim.Garage_door_Anim) using current/default (AnimCompress_BitwiseCompressOnly_0) bFirstRecompressUsingCurrentOrDefault(1) bTryAlternateCompressor(0) IsCompressedDataValid(0)
[2019.05.23-16.49.03:017][530]LogShaderCompilers: Display: Shaders left to compile 262
[2019.05.23-16.49.06:902][530]LogShaderCompilers: Display: Shaders left to compile 252
[2019.05.23-16.49.10:208][530]LogSkeletalMesh: Building Skeletal Mesh SKM_Door_wide...
[2019.05.23-16.49.10:611][530]LogSkeletalMesh: Built Skeletal Mesh [0.40s] /Game/HQ_ResidentialHouse/Meshes/DoorWide/SKM_Door_wide.SKM_Door_wide
[2019.05.23-16.49.10:814][530]LogAnimationCompression: Building Anim DDC data for AnimSequence /Game/HQ_ResidentialHouse/Meshes/DoorWide/Door_wide_Anim.Door_wide_Anim
[2019.05.23-16.49.10:814][530]LogAnimationCompression: Recompressing (AnimSequence /Game/HQ_ResidentialHouse/Meshes/DoorWide/Door_wide_Anim.Door_wide_Anim) using current/default (AnimCompress_BitwiseCompressOnly_0) bFirstRecompressUsingCurrentOrDefault(1) bTryAlternateCompressor(0) IsCompressedDataValid(0)
[2019.05.23-16.49.11:847][530]LogMaterial: Display: Missing cached shader map for material Mat_Sparks, compiling. 
[2019.05.23-16.49.12:101][530]LogMaterial: Display: Missing cached shader map for material Mat_Fire, compiling. 
[2019.05.23-16.49.12:292][530]LogMaterial: Display: Missing cached shader map for material Mat_Smoke, compiling. 
[2019.05.23-16.49.13:120][530]LogShaderCompilers: Display: Shaders left to compile 401
[2019.05.23-16.49.15:040][530]LogShaderCompilers: Display: Shaders left to compile 391
[2019.05.23-16.49.27:868][530]LogShaderCompilers: Display: Shaders left to compile 381
[2019.05.23-16.49.27:868][530]LogShaderCompilers: Display: Shaders left to compile 371
[2019.05.23-16.49.27:868][530]LogShaderCompilers: Display: Shaders left to compile 361
[2019.05.23-16.49.41:343][530]LogShaderCompilers: Display: Shaders left to compile 351
[2019.05.23-16.49.46:181][530]LogShaderCompilers: Display: Shaders left to compile 341
[2019.05.23-16.49.46:572][530]LogShaderCompilers: Display: Shaders left to compile 331
[2019.05.23-16.50.00:567][530]LogShaderCompilers: Display: Shaders left to compile 321
[2019.05.23-16.50.00:855][530]LogShaderCompilers: Display: Shaders left to compile 311
[2019.05.23-16.50.05:334][530]LogShaderCompilers: Display: Shaders left to compile 301
[2019.05.23-16.50.10:722][530]LogShaderCompilers: Display: Shaders left to compile 291
[2019.05.23-16.50.11:769][530]LogShaderCompilers: Display: Shaders left to compile 281
[2019.05.23-16.50.14:424][530]LogShaderCompilers: Display: Shaders left to compile 271
[2019.05.23-16.50.19:447][530]LogMaterial: Display: Missing cached shader map for material Mat_GlassEmissive, compiling. 
[2019.05.23-16.50.19:593][530]LogMaterial: Display: Missing cached shader map for material Mat_DirtySurface, compiling. 
[2019.05.23-16.50.19:667][530]LogSkeletalMesh: Building Skeletal Mesh SKM_Door_narrow...
[2019.05.23-16.50.19:668][530]LogSkeletalMesh: Built Skeletal Mesh [0.00s] /Game/HQ_ResidentialHouse/Meshes/DoorNarrow/SKM_Door_narrow.SKM_Door_narrow
[2019.05.23-16.50.19:680][530]LogAnimationCompression: Building Anim DDC data for AnimSequence /Game/HQ_ResidentialHouse/Meshes/DoorNarrow/Door_narrow_Anim.Door_narrow_Anim
[2019.05.23-16.50.19:680][530]LogAnimationCompression: Recompressing (AnimSequence /Game/HQ_ResidentialHouse/Meshes/DoorNarrow/Door_narrow_Anim.Door_narrow_Anim) using current/default (AnimCompress_BitwiseCompressOnly_0) bFirstRecompressUsingCurrentOrDefault(1) bTryAlternateCompressor(0) IsCompressedDataValid(0)
[2019.05.23-16.50.19:885][530]LogSkeletalMesh: Building Skeletal Mesh SKM_Door_main...
[2019.05.23-16.50.19:888][530]LogSkeletalMesh: Built Skeletal Mesh [0.00s] /Game/HQ_ResidentialHouse/Meshes/DoorMain/SKM_Door_main.SKM_Door_main
[2019.05.23-16.50.19:888][530]LogAnimationCompression: Building Anim DDC data for AnimSequence /Game/HQ_ResidentialHouse/Meshes/DoorMain/Door_main_Anim.Door_main_Anim
[2019.05.23-16.50.19:889][530]LogAnimationCompression: Recompressing (AnimSequence /Game/HQ_ResidentialHouse/Meshes/DoorMain/Door_main_Anim.Door_main_Anim) using current/default (AnimCompress_BitwiseCompressOnly_0) bFirstRecompressUsingCurrentOrDefault(1) bTryAlternateCompressor(0) IsCompressedDataValid(0)
[2019.05.23-16.50.19:922][530]LogSkeletalMesh: Building Skeletal Mesh SKM_Garage_door...
[2019.05.23-16.50.19:933][530]LogSkeletalMesh: Built Skeletal Mesh [0.01s] /Game/HQ_ResidentialHouse/Meshes/DoorGarage/SKM_Garage_door.SKM_Garage_door
[2019.05.23-16.50.20:096][530]LogAIModule: Creating AISystem for world Demonstration
[2019.05.23-16.50.23:073][530]LogAssetEditorManager: Opening Asset editor for World /Game/HQ_ResidentialHouse/Levels/Demonstration.Demonstration
[2019.05.23-16.50.26:336][530]LogShaderCompilers: Display: Shaders left to compile 335
[2019.05.23-16.50.26:780][530]LightingResults: New page: Lighting Build
[2019.05.23-16.50.26:799][530]LoadErrors: New page: Loading map: Demonstration.umap
[2019.05.23-16.50.26:963][530]MapCheck: New page: Map Check
[2019.05.23-16.50.27:061][530]LightingResults: New page: Lighting Build
[2019.05.23-16.50.36:458][530]LogShaderCompilers: Display: Shaders left to compile 325
[2019.05.23-16.50.36:459][530]LogShaderCompilers: Display: Shaders left to compile 315
[2019.05.23-16.50.37:146][530]LogEditorServer: Finished looking for orphan Actors (0.000 secs)
[2019.05.23-16.50.38:382][530]Cmd: MAP CHECKDEP NOCLEARLOG
[2019.05.23-16.50.40:225][530]MapCheck: Map check complete: 0 Error(s), 0 Warning(s), took 1,843.276ms to complete.
[2019.05.23-16.50.40:228][530]LogFileHelpers: Loading map 'Demonstration' took 13.451
[2019.05.23-16.50.54:579][542]LogShaderCompilers: Display: Shaders left to compile 305
[2019.05.23-16.51.07:341][622]LogShaderCompilers: Display: Shaders left to compile 295
[2019.05.23-16.51.07:973][629]LogShaderCompilers: Display: Shaders left to compile 285
[2019.05.23-16.51.35:684][833]LogSlate: FSceneViewport::OnFocusLost() reason 0
[2019.05.23-16.51.59:943][725]LogSlate: Window 'Localization Cache' being destroyed
[2019.05.23-16.53.50:271][500]LogShaderCompilers: Display: Shaders left to compile 275
[2019.05.23-16.54.09:297][641]LogShaderCompilers: Display: Shaders left to compile 265
[2019.05.23-16.54.26:698][755]LogShaderCompilers: Display: Shaders left to compile 255
[2019.05.23-16.54.45:068][835]LogShaderCompilers: Display: Shaders left to compile 245
[2019.05.23-16.55.00:330][959]LogShaderCompilers: Display: Shaders left to compile 235
[2019.05.23-16.55.11:030][ 22]LogShaderCompilers: Display: Shaders left to compile 225
[2019.05.23-16.55.11:030][ 22]LogShaderCompilers: Display: Shaders left to compile 215
[2019.05.23-16.55.25:522][156]LogShaderCompilers: Display: Shaders left to compile 205
[2019.05.23-16.55.27:755][186]LogShaderCompilers: Display: Shaders left to compile 195
[2019.05.23-16.55.32:842][240]LogShaderCompilers: Display: Shaders left to compile 185
[2019.05.23-16.55.50:092][270]LogVSAccessor: Couldn't get item operations. Visual Studio may still be initializing.
