Log file open, 05/23/19 13:37:22
LogWindows: Failed to load 'aqProf.dll' (GetLastError=126)
LogWindows: File 'aqProf.dll' does not exist
LogWindows: Failed to load 'VSPerf140.dll' (GetLastError=126)
LogWindows: File 'VSPerf140.dll' does not exist
LogWindows: Failed to load 'VtuneApi.dll' (GetLastError=126)
LogWindows: File 'VtuneApi.dll' does not exist
LogWindows: Failed to load 'VtuneApi32e.dll' (GetLastError=126)
LogWindows: File 'VtuneApi32e.dll' does not exist
LogInit: Display: Running engine for game: MyProject2
LogPlatformFile: Not using cached read wrapper
LogTaskGraph: Started task graph with 5 named threads and 11 total threads with 3 sets of task threads.
LogStats: Stats thread started at 0.215600
LogD3D11RHI: Loaded GFSDK_Aftermath_Lib.x64.dll
LogICUInternationalization: Display: ICU TimeZone Detection - Raw Offset: -3:00, Platform Override: ''
LogPluginManager: Mounting plugin Paper2D
LogPluginManager: Mounting plugin AISupport
LogPluginManager: Mounting plugin LightPropagationVolume
LogPluginManager: Mounting plugin CLionSourceCodeAccess
LogPluginManager: Mounting plugin CodeLiteSourceCodeAccess
LogPluginManager: Mounting plugin GitSourceControl
LogPluginManager: Mounting plugin KDevelopSourceCodeAccess
LogPluginManager: Mounting plugin NullSourceCodeAccess
LogPluginManager: Mounting plugin PerforceSourceControl
LogPluginManager: Mounting plugin SubversionSourceControl
LogPluginManager: Mounting plugin UObjectPlugin
LogPluginManager: Mounting plugin VisualStudioCodeSourceCodeAccess
LogPluginManager: Mounting plugin VisualStudioSourceCodeAccess
LogPluginManager: Mounting plugin XCodeSourceCodeAccess
LogPluginManager: Mounting plugin AssetManagerEditor
LogPluginManager: Mounting plugin BlueprintMaterialTextureNodes
LogPluginManager: Mounting plugin CryptoKeys
LogPluginManager: Mounting plugin DataValidation
LogPluginManager: Mounting plugin FacialAnimation
LogPluginManager: Mounting plugin GameplayTagsEditor
LogPluginManager: Mounting plugin MacGraphicsSwitching
LogPluginManager: Mounting plugin MeshEditor
LogPluginManager: Mounting plugin MobileLauncherProfileWizard
LogPluginManager: Mounting plugin PluginBrowser
LogPluginManager: Mounting plugin SpeedTreeImporter
LogPluginManager: Mounting plugin DatasmithContent
LogPluginManager: Mounting plugin AlembicImporter
LogPluginManager: Mounting plugin AppleImageUtils
LogPluginManager: Mounting plugin AppleVision
LogPluginManager: Mounting plugin BackChannel
LogPluginManager: Mounting plugin CharacterAI
LogPluginManager: Mounting plugin GeometryCache
LogPluginManager: Mounting plugin HTML5Networking
LogPluginManager: Mounting plugin ProxyLODPlugin
LogPluginManager: Mounting plugin Niagara
LogPluginManager: Mounting plugin NiagaraExtras
LogPluginManager: Mounting plugin MagicLeap
LogPluginManager: Mounting plugin MagicLeapEmulator
LogPluginManager: Mounting plugin MagicLeapMedia
LogPluginManager: Mounting plugin Substance
LogPluginManager: Mounting plugin AndroidMedia
LogPluginManager: Mounting plugin AvfMedia
LogPluginManager: Mounting plugin ImgMedia
LogPluginManager: Mounting plugin LinearTimecode
LogPluginManager: Mounting plugin MediaCompositing
LogPluginManager: Mounting plugin MediaPlayerEditor
LogPluginManager: Mounting plugin WmfMedia
LogPluginManager: Mounting plugin TcpMessaging
LogPluginManager: Mounting plugin UdpMessaging
LogPluginManager: Mounting plugin ActorSequence
LogPluginManager: Mounting plugin LevelSequenceEditor
LogPluginManager: Mounting plugin MatineeToLevelSequence
LogPluginManager: Mounting plugin NetcodeUnitTest
LogPluginManager: Mounting plugin NUTUnrealEngine4
LogPluginManager: Mounting plugin OnlineSubsystemGooglePlay
LogPluginManager: Mounting plugin OnlineSubsystemIOS
LogPluginManager: Mounting plugin OnlineSubsystem
LogPluginManager: Mounting plugin OnlineSubsystemNull
LogPluginManager: Mounting plugin OnlineSubsystemUtils
LogPluginManager: Mounting plugin PerformanceMonitor
LogPluginManager: Mounting plugin LauncherChunkInstaller
LogPluginManager: Mounting plugin AndroidDeviceProfileSelector
LogPluginManager: Mounting plugin AndroidMoviePlayer
LogPluginManager: Mounting plugin AndroidPermission
LogPluginManager: Mounting plugin AppleMoviePlayer
LogPluginManager: Mounting plugin ArchVisCharacter
LogPluginManager: Mounting plugin AudioCapture
LogPluginManager: Mounting plugin CableComponent
LogPluginManager: Mounting plugin CustomMeshComponent
LogPluginManager: Mounting plugin EditableMesh
LogPluginManager: Mounting plugin ExampleDeviceProfileSelector
LogPluginManager: Mounting plugin GoogleCloudMessaging
LogPluginManager: Mounting plugin ImmediatePhysics
LogPluginManager: Mounting plugin IOSDeviceProfileSelector
LogPluginManager: Mounting plugin LinuxDeviceProfileSelector
LogPluginManager: Mounting plugin LocationServicesBPLibrary
LogPluginManager: Mounting plugin MobilePatchingUtils
LogPluginManager: Mounting plugin OculusVR
LogPluginManager: Plugin shader directory ../../../Engine/Plugins/Runtime/Oculus/OculusVR/Shaders found
LogPluginManager: Mapping shader source directory ../../../Engine/Plugins/Runtime/Oculus/OculusVR/Shaders to virtual directory /Plugin/OculusVR
LogPluginManager: Mounting plugin PhysXVehicles
LogPluginManager: Mounting plugin ProceduralMeshComponent
LogPluginManager: Mounting plugin RuntimePhysXCooking
LogPluginManager: Mounting plugin SteamVR
LogPluginManager: Mounting plugin WindowsMoviePlayer
LogStreaming: Display: Took  0.409s to configure plugins.
LogInit: Using libcurl 7.55.1-DEV
LogInit:  - built for x86_64-pc-win32
LogInit:  - supports SSL with OpenSSL/1.0.2h
LogInit:  - supports HTTP deflate (compression) using libz 1.2.8
LogInit:  - other features:
LogInit:      CURL_VERSION_SSL
LogInit:      CURL_VERSION_LIBZ
LogInit:      CURL_VERSION_IPV6
LogInit:      CURL_VERSION_ASYNCHDNS
LogInit:      CURL_VERSION_LARGEFILE
LogInit:      CURL_VERSION_IDN
LogInit:  CurlRequestOptions (configurable via config and command line):
LogInit:  - bVerifyPeer = false  - Libcurl will NOT verify peer certificate
LogInit:  - bUseHttpProxy = false  - Libcurl will NOT use HTTP proxy
LogInit:  - bDontReuseConnections = false  - Libcurl will reuse connections
LogInit:  - CertBundlePath = nullptr  - Libcurl will use whatever was configured at build time.
LogInit:  - MaxHostConnections = 16  - Libcurl will limit the number of connections to a host
LogInit:  - LocalHostAddr = Default
LogInit:  - BufferSize = 65536
LogInit: WinSock: version 1.1 (2.2), MaxSocks=32767, MaxUdp=65467
LogInit: Build: ++UE4+Release-4.20-CL-4369336
LogInit: Engine Version: 4.20.3-4369336+++UE4+Release-4.20
LogInit: Compatible Engine Version: 4.20.0-4212847+++UE4+Release-4.20
LogInit: Net CL: 4212847
LogInit: OS: Windows 8.1 (), CPU: Intel(R) Core(TM) i5-5200U CPU @ 2.20GHz, GPU: Intel(R) HD Graphics 5500
LogInit: Compiled (64-bit): Sep 17 2018 12:26:19
LogInit: Compiled with Visual C++: 19.13.26129.00
LogInit: Build Configuration: Development
LogInit: Branch Name: ++UE4+Release-4.20
LogInit: Command Line:  
LogInit: Base Directory: C:/Program Files/Epic Games/UE_4.20/Engine/Binaries/Win64/
LogInit: Installed Engine Build: 1
LogDevObjectVersion: Number of dev versions registered: 20
LogDevObjectVersion:   Dev-Blueprints (B0D832E4-1F89-4F0D-ACCF-7EB736FD4AA2): 10
LogDevObjectVersion:   Dev-Build (E1C64328-A22C-4D53-A36C-8E866417BD8C): 0
LogDevObjectVersion:   Dev-Core (375EC13C-06E4-48FB-B500-84F0262A717E): 2
LogDevObjectVersion:   Dev-Editor (E4B068ED-F494-42E9-A231-DA0B2E46BB41): 24
LogDevObjectVersion:   Dev-Framework (CFFC743F-43B0-4480-9391-14DF171D2073): 34
LogDevObjectVersion:   Dev-Mobile (B02B49B5-BB20-44E9-A304-32B752E40360): 2
LogDevObjectVersion:   Dev-Networking (A4E4105C-59A1-49B5-A7C5-40C4547EDFEE): 0
LogDevObjectVersion:   Dev-Online (39C831C9-5AE6-47DC-9A44-9C173E1C8E7C): 0
LogDevObjectVersion:   Dev-Physics (78F01B33-EBEA-4F98-B9B4-84EACCB95AA2): 0
LogDevObjectVersion:   Dev-Platform (6631380F-2D4D-43E0-8009-CF276956A95A): 0
LogDevObjectVersion:   Dev-Rendering (12F88B9F-8875-4AFC-A67C-D90C383ABD29): 26
LogDevObjectVersion:   Dev-Sequencer (7B5AE74C-D270-4C10-A958-57980B212A5A): 9
LogDevObjectVersion:   Dev-VR (D7296918-1DD6-4BDD-9DE2-64A83CC13884): 2
LogDevObjectVersion:   Dev-LoadTimes (C2A15278-BFE7-4AFE-6C17-90FF531DF755): 1
LogDevObjectVersion:   Private-Geometry (6EACA3D4-40EC-4CC1-B786-8BED09428FC5): 3
LogDevObjectVersion:   Dev-AnimPhys (29E575DD-E0A3-4627-9D10-D276232CDCEA): 17
LogDevObjectVersion:   Dev-ReflectionCapture (6B266CEC-1EC7-4B8F-A30B-E4D90942FC07): 1
LogDevObjectVersion:   Dev-Automation (0DF73D61-A23F-47EA-B727-89E90C41499A): 1
LogDevObjectVersion:   FortniteMain (601D1886-AC64-4F84-AA16-D3DE0DEAC7D6): 12
LogDevObjectVersion:   Dev-Enterprise (9DFFBCD6-494F-0158-E221-12823C92A888): 1
LogStreaming: Display: Took  0.001s to delete old logs.
LogInit: Presizing for max 8388607 objects, including 0 objects not considered by GC, pre-allocating 0 bytes for permanent pool.
LogInit: Object subsystem initialized
[2019.05.23-16.37.22:987][  0]LogInit: Selected Device Profile: [Windows]
[2019.05.23-16.37.22:987][  0]LogInit: Applying CVar settings loaded from the selected device profile: [Windows]
[2019.05.23-16.37.23:066][  0]LogHAL: Display: Platform has ~ 8 GB [8500232192 / 8589934592 / 8], which maps to Default [LargestMinGB=32, LargerMinGB=12, DefaultMinGB=8, SmallerMinGB=6, SmallestMinGB=0)
[2019.05.23-16.37.23:067][  0]LogInit: Setting Device Profile CVar: [[r.Vulkan.UseRealUBs:1]]
[2019.05.23-16.37.23:067][  0]LogInit: Going up to parent DeviceProfile []
[2019.05.23-16.37.23:067][  0]LogInit: Computer: MEUCANTINHO
[2019.05.23-16.37.23:067][  0]LogInit: User: ioná
[2019.05.23-16.37.23:067][  0]LogInit: CPU Page size=4096, Cores=2
[2019.05.23-16.37.23:067][  0]LogInit: High frequency timer resolution =2.143474 MHz
[2019.05.23-16.37.23:068][  0]LogMemory: Memory total: Physical=7.9GB (8GB approx)
[2019.05.23-16.37.23:068][  0]LogMemory: Platform Memory Stats for Windows
[2019.05.23-16.37.23:068][  0]LogMemory: Process Physical Memory: 99.41 MB used, 99.41 MB peak
[2019.05.23-16.37.23:068][  0]LogMemory: Process Virtual Memory: 91.99 MB used, 91.99 MB peak
[2019.05.23-16.37.23:068][  0]LogMemory: Physical Memory: 6544.95 MB used,  1561.51 MB free, 8106.45 MB total
[2019.05.23-16.37.23:068][  0]LogMemory: Virtual Memory: 472.70 MB used,  1561.51 MB free, 134217728.00 MB total
[2019.05.23-16.37.23:101][  0]LogInit: Overriding language with editor language configuration option (en).
[2019.05.23-16.37.23:102][  0]LogInit: Overriding locale with editor locale configuration option (en).
[2019.05.23-16.37.23:979][  0]LogStreaming: Display: Took  0.878s to InitEngineTextLocalization.
[2019.05.23-16.37.23:980][  0]LogInit: Setting process to per monitor DPI aware
[2019.05.23-16.37.24:009][  0]LogSlate: New Slate User Created.  User Index 0, Is Virtual User: 0
[2019.05.23-16.37.24:009][  0]LogSlate: Slate User Registered.  User Index 0, Is Virtual User: 0
[2019.05.23-16.37.24:559][  0]LogHMD: Failed to initialize OpenVR with code 110
[2019.05.23-16.37.24:559][  0]LogD3D11RHI: D3D11 adapters:
[2019.05.23-16.37.24:671][  0]LogD3D11RHI:    0. 'Intel(R) HD Graphics 5500' (Feature Level 11_0)
[2019.05.23-16.37.24:671][  0]LogD3D11RHI:       0/0/3839 MB DedicatedVideo/DedicatedSystem/SharedSystem, Outputs:1, VendorId:0x8086
[2019.05.23-16.37.24:676][  0]LogD3D11RHI:    1. 'Microsoft Basic Render Driver' (Feature Level 11_0)
[2019.05.23-16.37.24:676][  0]LogD3D11RHI:       0/0/256 MB DedicatedVideo/DedicatedSystem/SharedSystem, Outputs:0, VendorId:0x1414
[2019.05.23-16.37.24:676][  0]LogD3D11RHI: Chosen D3D11 Adapter: 0
[2019.05.23-16.37.24:687][  0]LogD3D11RHI: Creating new Direct3DDevice
[2019.05.23-16.37.24:687][  0]LogD3D11RHI:     GPU DeviceId: 0x1616 (for the marketing name, search the web for "GPU Device Id")
[2019.05.23-16.37.24:687][  0]LogWindows: EnumDisplayDevices:
[2019.05.23-16.37.24:688][  0]LogWindows:    0. 'Intel(R) HD Graphics 5500' (P:1 D:1)
[2019.05.23-16.37.24:689][  0]LogWindows:    1. 'Intel(R) HD Graphics 5500' (P:0 D:0)
[2019.05.23-16.37.24:690][  0]LogWindows:    2. 'Intel(R) HD Graphics 5500' (P:0 D:0)
[2019.05.23-16.37.24:691][  0]LogWindows: DebugString: FoundDriverCount:3 
[2019.05.23-16.37.24:691][  0]LogD3D11RHI:     Adapter Name: Intel(R) HD Graphics 5500
[2019.05.23-16.37.24:691][  0]LogD3D11RHI:   Driver Version: 10.18.10.4013 (internal:10.18.10.4013, unified:10.18.10.4013)
[2019.05.23-16.37.24:691][  0]LogD3D11RHI:      Driver Date: 11-11-2014
[2019.05.23-16.37.24:691][  0]LogRHI: Texture pool is 1343 MB (70% of 1919 MB)
[2019.05.23-16.37.24:703][  0]LogD3D11RHI: Async texture creation enabled
[2019.05.23-16.37.24:723][  0]LogD3D11RHI: GPU Timing Frequency: 12.500000 (Debug: 2 0)
[2019.05.23-16.37.24:725][  0]LogShaderCompilers: Guid format shader working directory is -48 characters bigger than the processId version (../../../../../../Users/ioná/Documents/GitHub/MyProjectDecora/MyFactoryDecora/MyProject2 4.19/Intermediate/Shaders/WorkingDirectory/3424/).
[2019.05.23-16.37.24:725][  0]LogShaderCompilers: Cleaned the shader compiler working directory 'C:/Users/ioná/AppData/Local/Temp/UnrealShaderWorkingDir/5919A5F9499DE8C8BBEAEC88E3F11E6A/'.
[2019.05.23-16.37.28:739][  0]LogTemp: Display: Loaded TP AllDesktopTargetPlatform
[2019.05.23-16.37.28:774][  0]LogTemp: Display: Loaded TP MacClientTargetPlatform
[2019.05.23-16.37.28:811][  0]LogTemp: Display: Loaded TP MacNoEditorTargetPlatform
[2019.05.23-16.37.28:847][  0]LogTemp: Display: Loaded TP MacServerTargetPlatform
[2019.05.23-16.37.28:885][  0]LogTemp: Display: Loaded TP MacTargetPlatform
[2019.05.23-16.37.28:918][  0]LogTemp: Display: Loaded TP WindowsClientTargetPlatform
[2019.05.23-16.37.28:954][  0]LogTemp: Display: Loaded TP WindowsNoEditorTargetPlatform
[2019.05.23-16.37.28:982][  0]LogTemp: Display: Loaded TP WindowsServerTargetPlatform
[2019.05.23-16.37.28:995][  0]LogTemp: Display: Loaded TP WindowsTargetPlatform
[2019.05.23-16.37.29:185][  0]LogTemp: Display: Loaded TP AndroidTargetPlatform
[2019.05.23-16.37.29:185][  0]LogTemp: Display: Loaded TP AndroidTargetPlatform
[2019.05.23-16.37.29:185][  0]LogTemp: Display: Loaded TP AndroidTargetPlatform
[2019.05.23-16.37.29:185][  0]LogTemp: Display: Loaded TP AndroidTargetPlatform
[2019.05.23-16.37.29:185][  0]LogTemp: Display: Loaded TP AndroidTargetPlatform
[2019.05.23-16.37.29:185][  0]LogTemp: Display: Loaded TP AndroidTargetPlatform
[2019.05.23-16.37.29:185][  0]LogTemp: Display: Loaded TP AndroidTargetPlatform
[2019.05.23-16.37.29:185][  0]LogTemp: Display: Loaded TP AndroidTargetPlatform
[2019.05.23-16.37.29:185][  0]LogTemp: Display: Loaded TP AndroidTargetPlatform
[2019.05.23-16.37.29:185][  0]LogTemp: Display: Loaded TP AndroidTargetPlatform
[2019.05.23-16.37.29:185][  0]LogTemp: Display: Loaded TP AndroidTargetPlatform
[2019.05.23-16.37.29:185][  0]LogTemp: Display: Loaded TP AndroidTargetPlatform
[2019.05.23-16.37.29:185][  0]LogTemp: Display: Loaded TP AndroidTargetPlatform
[2019.05.23-16.37.29:185][  0]LogTemp: Display: Loaded TP AndroidTargetPlatform
[2019.05.23-16.37.29:185][  0]LogTemp: Display: Loaded TP AndroidTargetPlatform
[2019.05.23-16.37.29:185][  0]LogTemp: Display: Loaded TP AndroidTargetPlatform
[2019.05.23-16.37.29:185][  0]LogTemp: Display: Loaded TP AndroidTargetPlatform
[2019.05.23-16.37.29:186][  0]LogTemp: Display: Loaded TP AndroidTargetPlatform
[2019.05.23-16.37.29:187][  0]LogTemp: Display: Loaded TP HTML5TargetPlatform
[2019.05.23-16.37.29:282][  0]LogTemp: Display: Loaded TP IOSTargetPlatform
[2019.05.23-16.37.29:282][  0]LogTemp: Display: Loaded TP IOSTargetPlatform
[2019.05.23-16.37.29:350][  0]LogTemp: Display: Loaded TP TVOSTargetPlatform
[2019.05.23-16.37.29:350][  0]LogTemp: Display: Loaded TP TVOSTargetPlatform
[2019.05.23-16.37.29:382][  0]LogTemp: Display: Loaded TP LinuxClientTargetPlatform
[2019.05.23-16.37.29:409][  0]LogTemp: Display: Loaded TP LinuxNoEditorTargetPlatform
[2019.05.23-16.37.29:437][  0]LogTemp: Display: Loaded TP LinuxServerTargetPlatform
[2019.05.23-16.37.29:473][  0]LogTemp: Display: Loaded TP LinuxTargetPlatform
[2019.05.23-16.37.29:495][  0]LogTemp: Display: Loaded TP LuminTargetPlatform
[2019.05.23-16.37.29:496][  0]LogTargetPlatformManager: Display: Building Assets For Windows
[2019.05.23-16.37.29:618][  0]LogXGEController: Cannot use XGE Controller as Incredibuild is not installed on this machine.
[2019.05.23-16.37.29:618][  0]LogShaderCompilers: Cannot use XGE Shader Compiler as Incredibuild is not installed on this machine.
[2019.05.23-16.37.29:618][  0]LogShaderCompilers: Display: Using Local Shader Compiler.
[2019.05.23-16.37.31:882][  0]LogDerivedDataCache: Display: Max Cache Size: 512 MB
[2019.05.23-16.37.32:886][  0]LogDerivedDataCache: Loaded boot cache 1.00s 79MB C:/Users/ioná/AppData/Local/UnrealEngine/4.20/DerivedDataCache/Boot.ddc.
[2019.05.23-16.37.32:887][  0]LogDerivedDataCache: Display: Loaded Boot cache: C:/Users/ioná/AppData/Local/UnrealEngine/4.20/DerivedDataCache/Boot.ddc
[2019.05.23-16.37.32:887][  0]LogDerivedDataCache: FDerivedDataBackendGraph:  Pak pak cache file ../../../../../../Users/ioná/Documents/GitHub/MyProjectDecora/MyFactoryDecora/MyProject2 4.19/DerivedDataCache/DDC.ddp not found, will not use a pak cache.
[2019.05.23-16.37.32:887][  0]LogDerivedDataCache: Unable to find inner node Pak for hierarchical cache Hierarchy.
[2019.05.23-16.37.32:887][  0]LogDerivedDataCache: FDerivedDataBackendGraph:  CompressedPak pak cache file ../../../../../../Users/ioná/Documents/GitHub/MyProjectDecora/MyFactoryDecora/MyProject2 4.19/DerivedDataCache/Compressed.ddp not found, will not use a pak cache.
[2019.05.23-16.37.32:888][  0]LogDerivedDataCache: Unable to find inner node CompressedPak for hierarchical cache Hierarchy.
[2019.05.23-16.37.32:921][  0]LogDerivedDataCache: Display: Pak cache opened for reading ../../../Engine/DerivedDataCache/Compressed.ddp.
[2019.05.23-16.37.32:935][  0]LogDerivedDataCache: Using Local data cache path C:/Users/ioná/AppData/Local/UnrealEngine/Common/DerivedDataCache: Writable
[2019.05.23-16.37.32:935][  0]LogDerivedDataCache: Shared data cache path not found in *engine.ini, will not use an Shared cache.
[2019.05.23-16.37.32:935][  0]LogDerivedDataCache: Unable to find inner node Shared for hierarchical cache Hierarchy.
[2019.05.23-16.37.32:989][  0]LogMaterial: Verifying Global Shaders for PCD3D_SM5
[2019.05.23-16.37.32:992][  0]LogSlate: Using FreeType 2.6.0
[2019.05.23-16.37.33:052][  0]LogSlate: SlateFontServices - WITH_FREETYPE: 1, WITH_HARFBUZZ: 1
[2019.05.23-16.37.34:990][  0]LogAssetRegistry: FAssetRegistry took 0.0916 seconds to start up
[2019.05.23-16.37.37:911][  0]LogInit: Selected Device Profile: [Windows]
[2019.05.23-16.37.39:247][  0]LogSimplygon: Simplygon DLL not present - disabling.
[2019.05.23-16.37.39:279][  0]LogMeshReduction: Using SimplygonSwarm for distributed automatic mesh merging
[2019.05.23-16.37.39:279][  0]LogMeshReduction: Using ProxyLODMeshReduction for automatic mesh merging
[2019.05.23-16.37.39:280][  0]LogMeshReduction: Using QuadricMeshReduction for automatic static mesh reduction
[2019.05.23-16.37.39:280][  0]LogMeshReduction: No automatic skeletal mesh reduction module available
[2019.05.23-16.37.39:393][  0]LogNetVersion: MyProject2 1.0.0, NetCL: 4212847, EngineNetVer: 5, GameNetVer: 0 (Checksum: 1482868377)
[2019.05.23-16.37.43:961][  0]LogPackageLocalizationCache: Processed 14 localized package path(s) for 1 prioritized culture(s) in 0.522525 seconds
[2019.05.23-16.37.44:007][  0]LogUObjectArray: 38438 objects as part of root set at end of initial load.
[2019.05.23-16.37.44:007][  0]LogUObjectAllocator: 6693864 out of 0 bytes used by permanent object pool.
[2019.05.23-16.37.44:007][  0]LogUObjectArray: CloseDisregardForGC: 0/0 objects in disregard for GC pool
[2019.05.23-16.38.23:936][  0]LogSubstanceCoreModule: Substance [GPU] Engine Loaded, Max Texture Size = 8192
[2019.05.23-16.38.23:988][  0]LogTcpMessaging: Initializing TcpMessaging bridge
[2019.05.23-16.38.24:003][  0]LogUdpMessaging: Initializing bridge on interface 0.0.0.0:0 to multicast group 230.0.0.1:6666.
[2019.05.23-16.38.24:322][  0]SourceControl: Source control is disabled
[2019.05.23-16.38.24:323][  0]SourceControl: Source control is disabled
[2019.05.23-16.38.24:328][  0]SourceControl: Source control is disabled
[2019.05.23-16.38.24:329][  0]SourceControl: Source control is disabled
[2019.05.23-16.38.24:732][  0]LogAndroidPermission: UAndroidPermissionCallbackProxy::GetInstance
[2019.05.23-16.38.24:856][  0]LogOcInput: OculusInput pre-init called
[2019.05.23-16.38.25:705][  0]LogEngine: Initializing Engine...
[2019.05.23-16.38.25:707][  0]LogHMD: Failed to initialize OpenVR with code 110
[2019.05.23-16.38.25:736][  0]LogStats: UGameplayTagsManager::ConstructGameplayTagTree: ImportINI prefixes -  0.000 s
[2019.05.23-16.38.25:736][  0]LogStats: UGameplayTagsManager::ConstructGameplayTagTree: Construct from data asset -  0.000 s
[2019.05.23-16.38.25:736][  0]LogStats: UGameplayTagsManager::ConstructGameplayTagTree: ImportINI -  0.000 s
[2019.05.23-16.38.25:736][  0]LogStats: UGameplayTagsManager::ConstructGameplayTagTree: GameplayTagTreeChangedEvent.Broadcast -  0.000 s
[2019.05.23-16.38.26:333][  0]LogInit: Initializing FReadOnlyCVARCache
[2019.05.23-16.38.26:421][  0]LogAIModule: Creating AISystem for world Untitled
[2019.05.23-16.38.26:596][  0]LogInit: XAudio2 using 'Alto-falantes (Dispositivo de High Definition Audio)' : 2 channels at 44.1 kHz using 16 bits per sample (channel mask 0x3)
[2019.05.23-16.38.26:623][  0]LogInit: FAudioDevice initialized.
[2019.05.23-16.38.26:624][  0]LogNetVersion: Set ProjectVersion to 1.0.0.0. Version Checksum will be recalculated on next use.
[2019.05.23-16.38.29:081][  0]LogDerivedDataCache: Saved boot cache 2.46s 79MB C:/Users/ioná/AppData/Local/UnrealEngine/4.20/DerivedDataCache/Boot.ddc.
[2019.05.23-16.38.29:096][  0]LogInit: Texture streaming: Enabled
[2019.05.23-16.38.29:133][  0]LogEngineSessionManager: EngineSessionManager initialized
[2019.05.23-16.38.29:151][  0]LogInit: Transaction tracking system initialized
[2019.05.23-16.38.29:197][  0]BlueprintLog: New page: Editor Load
[2019.05.23-16.38.29:448][  0]LocalizationService: Localization service is disabled
[2019.05.23-16.38.29:547][  0]LogLinker: Warning: Can't find file '/Game/Survival_Inventory/Documentation'
[2019.05.23-16.38.29:547][  0]LogLinker: Warning: Can't find file '/Game/Survival_Inventory/Documentation'
[2019.05.23-16.38.29:547][  0]LogUObjectGlobals: Warning: Failed to find object 'Class /Game/Survival_Inventory/Documentation.Documentation_C'
[2019.05.23-16.38.30:967][  0]LogCook: Display: Max memory allowance for cook 16384mb min free memory 0mb
[2019.05.23-16.38.30:967][  0]LogCook: Display: Mobile HDR setting 1
[2019.05.23-16.38.30:967][  0]LogGameplayTags: Display: UGameplayTagsManager::DoneAddingNativeTags. DelegateIsBound: 0
[2019.05.23-16.38.30:967][  0]LogStats: UGameplayTagsManager::ConstructGameplayTagTree: ImportINI prefixes -  0.000 s
[2019.05.23-16.38.30:967][  0]LogStats: UGameplayTagsManager::ConstructGameplayTagTree: Construct from data asset -  0.000 s
[2019.05.23-16.38.30:968][  0]LogStats: UGameplayTagsManager::ConstructGameplayTagTree: ImportINI -  0.000 s
[2019.05.23-16.38.30:968][  0]LogStats: UGameplayTagsManager::ConstructGameplayTagTree: GameplayTagTreeChangedEvent.Broadcast -  0.000 s
[2019.05.23-16.38.31:727][  0]LogFileCache: Scanning file cache for directory 'C:/Users/ioná/Documents/GitHub/MyProjectDecora/MyFactoryDecora/MyProject2 4.19/Content/' took 0.03s
[2019.05.23-16.38.31:745][  0]SourceControl: Source control is disabled
[2019.05.23-16.38.31:747][  0]LightingResults: New page: Lighting Build
[2019.05.23-16.38.31:752][  0]MapCheck: New page: Map Check
[2019.05.23-16.38.31:752][  0]LightingResults: New page: Lighting Build
[2019.05.23-16.38.40:613][  0]LogAIModule: Creating AISystem for world FirstPersonExampleMap1
[2019.05.23-16.38.40:655][  0]LogScript: Warning: Script Msg: Attempted to access index 0 from array 'NewVar_0_0' of length 0 in '/Game/Blueprints/BP_Couch.BP_Couch_C'!
[2019.05.23-16.38.40:655][  0]LogScript: Warning: Script Msg: Attempted to access index 0 from array 'StaticMeshComponent' of length 0 in '/Game/Blueprints/BP_Interectable.BP_Interectable_C'!
[2019.05.23-16.38.40:655][  0]LogScript: Warning: Accessed None trying to read property CallFunc_Array_Get_Item1
	BP_Couch_C /Game/FirstPersonBP/Maps/FirstPersonExampleMap1.FirstPersonExampleMap1:PersistentLevel.SM_Couch2
	Function /Game/Blueprints/BP_Couch.BP_Couch_C:UserConstructionScript:0151
[2019.05.23-16.38.40:658][  0]LogScript: Warning: Script Msg: Attempted to access index 0 from array 'NewVar_0_0' of length 0 in '/Game/Blueprints/BP_Couch.BP_Couch_C'!
[2019.05.23-16.38.40:658][  0]LogScript: Warning: Script Msg: Attempted to access index 0 from array 'StaticMeshComponent' of length 0 in '/Game/Blueprints/BP_Interectable.BP_Interectable_C'!
[2019.05.23-16.38.40:659][  0]LogScript: Warning: Accessed None trying to read property CallFunc_Array_Get_Item1
	BP_Couch_C /Game/FirstPersonBP/Maps/FirstPersonExampleMap1.FirstPersonExampleMap1:PersistentLevel.SM_Couch_29
	Function /Game/Blueprints/BP_Couch.BP_Couch_C:UserConstructionScript:0151
[2019.05.23-16.38.40:666][  0]LogEditorServer: Finished looking for orphan Actors (0.000 secs)
[2019.05.23-16.38.40:804][  0]Cmd: MAP CHECKDEP NOCLEARLOG
[2019.05.23-16.38.40:992][  0]MapCheck: Map check complete: 0 Error(s), 0 Warning(s), took 187.321ms to complete.
[2019.05.23-16.38.40:992][  0]LogFileHelpers: Loading map 'FirstPersonExampleMap1' took 9.247
[2019.05.23-16.38.41:107][  0]LogSlate: Updating window title bar state: overlay mode, drag disabled, window buttons hidden, title bar hidden
[2019.05.23-16.38.41:121][  0]LogSlate: Updating window title bar state: overlay mode, drag disabled, window buttons hidden, title bar hidden
[2019.05.23-16.38.41:138][  0]LogSlate: Updating window title bar state: overlay mode, drag disabled, window buttons hidden, title bar hidden
[2019.05.23-16.38.41:156][  0]LogSlate: Updating window title bar state: overlay mode, drag disabled, window buttons hidden, title bar hidden
[2019.05.23-16.38.41:167][  0]LogCollectionManager: Loaded 0 collections in 0.002562 seconds
[2019.05.23-16.38.41:211][  0]LogFileCache: Scanning file cache for directory 'C:/Users/ioná/Documents/GitHub/MyProjectDecora/MyFactoryDecora/MyProject2 4.19/Saved/Collections/' took 0.01s
[2019.05.23-16.38.41:211][  0]LogFileCache: Scanning file cache for directory 'C:/Users/ioná/Documents/GitHub/MyProjectDecora/MyFactoryDecora/MyProject2 4.19/Content/Developers/ioná/Collections/' took 0.01s
[2019.05.23-16.38.41:211][  0]LogFileCache: Scanning file cache for directory 'C:/Users/ioná/Documents/GitHub/MyProjectDecora/MyFactoryDecora/MyProject2 4.19/Content/Collections/' took 0.01s
[2019.05.23-16.38.41:211][  0]LogCollectionManager: Rebuilt the GUID cache for 0 collections in 0.000000 seconds
[2019.05.23-16.38.41:228][  0]LogContentBrowser: Native class hierarchy populated in 0.0166 seconds. Added 2701 classes and 628 folders.
[2019.05.23-16.38.41:238][  0]LogContentBrowser: Native class hierarchy updated for 'WidgetCarousel' in 0.0004 seconds. Added 0 classes and 0 folders.
[2019.05.23-16.38.42:212][  0]LogContentBrowser: Native class hierarchy updated for 'AddContentDialog' in 0.0003 seconds. Added 0 classes and 0 folders.
[2019.05.23-16.38.42:421][  0]LogContentBrowser: Native class hierarchy updated for 'SceneOutliner' in 0.0007 seconds. Added 1 classes and 2 folders.
[2019.05.23-16.38.55:349][  0]LogSlate: Only BGRA pngs, bmps or icos are supported in by External Image Picker
[2019.05.23-16.38.55:984][  0]LogSlate: Took 0.446465 seconds to synchronously load lazily loaded font '../../../Engine/Content/Slate/Fonts/Roboto-Regular.ttf' (155K)
[2019.05.23-16.38.56:175][  0]LogSlate: Took 0.184958 seconds to synchronously load lazily loaded font '../../../Engine/Content/Slate/Fonts/Roboto-Bold.ttf' (160K)
[2019.05.23-16.38.56:901][  0]LogTemp: Executing iPhonePackager certificates Engine -bundlename com.YourCompany.MyProject2
[2019.05.23-16.38.56:901][  0]LogTemp: CWD: C:\Program Files\Epic Games\UE_4.20\Engine\Binaries\DotNET\IOS
[2019.05.23-16.38.56:901][  0]LogTemp: Initial Dir: C:\Program Files\Epic Games\UE_4.20
[2019.05.23-16.38.56:901][  0]LogTemp: Env CWD: C:\Program Files\Epic Games\UE_4.20\Engine\Binaries\DotNET\IOS
[2019.05.23-16.38.56:902][  0]LogTemp: BranchPath = MEUCANTINHO/C/Program Files/Epic Games/UE_4.20/Engine/Binaries --- GameBranchPath = MEUCANTINHO/C/Program Files/Epic Games/UE_4.20/Engine/Binaries
[2019.05.23-16.38.56:902][  0]LogTemp: IPP ERROR: Could not find provision directory 'C:\Users\ion?\AppData\Local/Apple Computer/MobileDevice/Provisioning Profiles/'.
[2019.05.23-16.38.56:902][  0]LogSlate: Took 0.720966 seconds to synchronously load lazily loaded font '../../../Engine/Content/Editor/Slate/Fonts/FontAwesome.ttf' (139K)
[2019.05.23-16.38.57:002][  0]LogRenderer: Reallocating scene render targets to support 948x332 Format 9 NumSamples 1 (Frame:1).
[2019.05.23-16.38.57:884][  0]LogContentBrowser: Native class hierarchy updated for 'HierarchicalLODOutliner' in 0.0005 seconds. Added 0 classes and 0 folders.
[2019.05.23-16.38.57:885][  0]LogLoad: (Engine Initialization) Total time: 97.09 seconds
[2019.05.23-16.38.57:885][  0]LogLoad: (Engine Initialization) Total Blueprint compile time: 0.00 seconds
[2019.05.23-16.38.57:939][  0]LogContentStreaming: Texture pool size now 400 MB
[2019.05.23-16.38.58:565][  0]LogSlate: Took 0.224709 seconds to synchronously load lazily loaded font '../../../Engine/Content/Slate/Fonts/Roboto-Light.ttf' (167K)
[2019.05.23-16.38.58:575][  1]LogSubstanceLiveLink: Warning: Unable to send data along socket, closing connection
[2019.05.23-16.39.06:208][  2]LogSlate: Window 'MyProject2 - Unreal Editor' being destroyed
[2019.05.23-16.39.06:209][  2]LogWindowsTextInputMethodSystem: Display: IME system now deactivated.
[2019.05.23-16.39.16:194][  3]Cmd: QUIT_EDITOR
[2019.05.23-16.39.19:436][  3]LogExit: Preparing to exit.
[2019.05.23-16.39.27:467][  3]LogExit: Editor shut down
[2019.05.23-16.39.27:468][  3]LogExit: Transaction tracking system shut down
[2019.05.23-16.39.36:733][  3]LogExit: Object subsystem successfully closed.
[2019.05.23-16.39.36:911][  3]LogShaderCompilers: Display: Shaders left to compile 0
[2019.05.23-16.39.36:942][  3]LogD3D11RHI: Shutdown
[2019.05.23-16.39.36:942][  3]LogD3D11RHI: CleanupD3DDevice
[2019.05.23-16.39.37:018][  3]LogD3D11RHI: ~FD3D11DynamicRHI
[2019.05.23-16.39.38:775][  3]LogModuleManager: Shutting down and abandoning module HierarchicalLODOutliner (636)
[2019.05.23-16.39.38:776][  3]LogModuleManager: Shutting down and abandoning module ExternalImagePicker (634)
[2019.05.23-16.39.38:776][  3]LogModuleManager: Shutting down and abandoning module SceneOutliner (632)
[2019.05.23-16.39.38:776][  3]LogModuleManager: Shutting down and abandoning module AddContentDialog (630)
[2019.05.23-16.39.38:791][  3]LogModuleManager: Shutting down and abandoning module WidgetCarousel (629)
[2019.05.23-16.39.38:791][  3]LogModuleManager: Shutting down and abandoning module EditorWidgets (626)
[2019.05.23-16.39.38:791][  3]LogModuleManager: Shutting down and abandoning module CollectionManager (624)
[2019.05.23-16.39.38:800][  3]LogModuleManager: Shutting down and abandoning module StatsViewer (622)
[2019.05.23-16.39.38:809][  3]LogModuleManager: Shutting down and abandoning module FoliageEdit (620)
[2019.05.23-16.39.38:823][  3]LogModuleManager: Shutting down and abandoning module LandscapeEditor (618)
[2019.05.23-16.39.38:863][  3]LogModuleManager: Shutting down and abandoning module MeshPaintMode (616)
[2019.05.23-16.39.38:874][  3]LogModuleManager: Shutting down and abandoning module SceneDepthPickerMode (614)
[2019.05.23-16.39.38:874][  3]LogModuleManager: Shutting down and abandoning module ActorPickerMode (612)
[2019.05.23-16.39.38:874][  3]LogModuleManager: Shutting down and abandoning module GeometryMode (610)
[2019.05.23-16.39.38:874][  3]LogModuleManager: Shutting down and abandoning module TextureAlignMode (608)
[2019.05.23-16.39.38:874][  3]LogModuleManager: Shutting down and abandoning module BspMode (606)
[2019.05.23-16.39.38:874][  3]LogModuleManager: Shutting down and abandoning module PIEPreviewDeviceProfileSelector (604)
[2019.05.23-16.39.38:888][  3]LogModuleManager: Shutting down and abandoning module SequenceRecorderSections (602)
[2019.05.23-16.39.38:912][  3]LogModuleManager: Shutting down and abandoning module AutomationWorker (600)
[2019.05.23-16.39.38:912][  3]LogModuleManager: Shutting down and abandoning module AudioCaptureEditor (598)
[2019.05.23-16.39.38:912][  3]LogModuleManager: Shutting down and abandoning module SequenceRecorder (597)
[2019.05.23-16.39.38:924][  3]LogModuleManager: Shutting down and abandoning module MatineeToLevelSequence (594)
[2019.05.23-16.39.38:940][  3]LogModuleManager: Shutting down and abandoning module LevelSequenceEditor (592)
[2019.05.23-16.39.38:959][  3]LogModuleManager: Shutting down and abandoning module PlacementMode (591)
[2019.05.23-16.39.38:960][  3]LogModuleManager: Shutting down and abandoning module MaterialEditor (590)
[2019.05.23-16.39.38:999][  3]LogModuleManager: Shutting down and abandoning module WmfMediaFactory (586)
[2019.05.23-16.39.38:999][  3]LogModuleManager: Shutting down and abandoning module WmfMediaEditor (584)
[2019.05.23-16.39.38:999][  3]LogModuleManager: Shutting down and abandoning module MediaPlayerEditor (582)
[2019.05.23-16.39.39:027][  3]LogModuleManager: Shutting down and abandoning module OpenExrWrapper (580)
[2019.05.23-16.39.39:027][  3]LogModuleManager: Shutting down and abandoning module ImgMediaFactory (578)
[2019.05.23-16.39.39:027][  3]LogModuleManager: Shutting down and abandoning module ImgMediaEditor (576)
[2019.05.23-16.39.39:027][  3]LogModuleManager: Shutting down and abandoning module AvfMediaFactory (574)
[2019.05.23-16.39.39:027][  3]LogModuleManager: Shutting down and abandoning module AvfMediaEditor (572)
[2019.05.23-16.39.39:027][  3]LogModuleManager: Shutting down and abandoning module AndroidMediaFactory (570)
[2019.05.23-16.39.39:027][  3]LogModuleManager: Shutting down and abandoning module AndroidMediaEditor (568)
[2019.05.23-16.39.39:027][  3]LogModuleManager: Shutting down and abandoning module MagicLeapCameraPreviewFactory (566)
[2019.05.23-16.39.39:027][  3]LogModuleManager: Shutting down and abandoning module MagicLeapMediaFactory (564)
[2019.05.23-16.39.39:027][  3]LogModuleManager: Shutting down and abandoning module MagicLeapMediaEditor (562)
[2019.05.23-16.39.39:027][  3]LogModuleManager: Shutting down and abandoning module CharacterAI (560)
[2019.05.23-16.39.39:027][  3]LogModuleManager: Shutting down and abandoning module SmartSnapping (558)
[2019.05.23-16.39.39:027][  3]LogModuleManager: Shutting down and abandoning module SessionServices (556)
[2019.05.23-16.39.39:027][  3]LogModuleManager: Shutting down and abandoning module ViewportSnapping (554)
[2019.05.23-16.39.39:028][  3]LogModuleManager: Shutting down and abandoning module ViewportInteraction (552)
[2019.05.23-16.39.39:028][  3]LogModuleManager: Shutting down and abandoning module ClothPainter (550)
[2019.05.23-16.39.39:051][  3]LogModuleManager: Shutting down and abandoning module SkeletalMeshEditor (549)
[2019.05.23-16.39.39:077][  3]LogModuleManager: Shutting down and abandoning module LogVisualizer (546)
[2019.05.23-16.39.39:097][  3]LogModuleManager: Shutting down and abandoning module IntroTutorials (544)
[2019.05.23-16.39.39:122][  3]LogModuleManager: Shutting down and abandoning module GameProjectGeneration (543)
[2019.05.23-16.39.39:132][  3]LogModuleManager: Shutting down and abandoning module LuminPlatformEditor (540)
[2019.05.23-16.39.39:132][  3]LogModuleManager: Shutting down and abandoning module IOSPlatformEditor (538)
[2019.05.23-16.39.39:132][  3]LogModuleManager: Shutting down and abandoning module HTML5PlatformEditor (536)
[2019.05.23-16.39.39:132][  3]LogModuleManager: Shutting down and abandoning module AndroidPlatformEditor (534)
[2019.05.23-16.39.39:132][  3]LogModuleManager: Shutting down and abandoning module AndroidDeviceDetection (533)
[2019.05.23-16.39.39:568][  3]LogModuleManager: Shutting down and abandoning module WindowsPlatformEditor (530)
[2019.05.23-16.39.39:568][  3]LogModuleManager: Shutting down and abandoning module LuminRuntimeSettings (528)
[2019.05.23-16.39.39:568][  3]LogModuleManager: Shutting down and abandoning module IOSRuntimeSettings (526)
[2019.05.23-16.39.39:568][  3]LogModuleManager: Shutting down and abandoning module AndroidRuntimeSettings (524)
[2019.05.23-16.39.39:568][  3]LogModuleManager: Shutting down and abandoning module InputBindingEditor (522)
[2019.05.23-16.39.39:600][  3]LogModuleManager: Shutting down and abandoning module MergeActors (520)
[2019.05.23-16.39.39:628][  3]LogModuleManager: Shutting down and abandoning module LocalizationDashboard (518)
[2019.05.23-16.39.39:648][  3]LogModuleManager: Shutting down and abandoning module LocalizationService (517)
[2019.05.23-16.39.39:660][  3]LogModuleManager: Shutting down and abandoning module HardwareTargeting (514)
[2019.05.23-16.39.39:660][  3]LogModuleManager: Shutting down and abandoning module DeviceProfileEditor (512)
[2019.05.23-16.39.39:660][  3]LogModuleManager: Shutting down and abandoning module UndoHistory (510)
[2019.05.23-16.39.39:679][  3]LogModuleManager: Shutting down and abandoning module XmlParser (508)
[2019.05.23-16.39.39:684][  3]LogModuleManager: Shutting down and abandoning module Blutility (506)
[2019.05.23-16.39.39:694][  3]LogModuleManager: Shutting down and abandoning module ProjectSettingsViewer (504)
[2019.05.23-16.39.39:695][  3]LogModuleManager: Shutting down and abandoning module ProjectTargetPlatformEditor (503)
[2019.05.23-16.39.39:695][  3]LogModuleManager: Shutting down and abandoning module EditorSettingsViewer (500)
[2019.05.23-16.39.39:695][  3]LogModuleManager: Shutting down and abandoning module SettingsEditor (498)
[2019.05.23-16.39.39:751][  3]LogModuleManager: Shutting down and abandoning module ProjectLauncher (496)
[2019.05.23-16.39.39:772][  3]LogModuleManager: Shutting down and abandoning module SessionFrontend (494)
[2019.05.23-16.39.39:785][  3]LogModuleManager: Shutting down and abandoning module ProfilerClient (492)
[2019.05.23-16.39.39:832][  3]LogModuleManager: Shutting down and abandoning module DeviceManager (490)
[2019.05.23-16.39.39:849][  3]LogModuleManager: Shutting down and abandoning module TargetDeviceServices (489)
[2019.05.23-16.39.39:899][  3]LogModuleManager: Shutting down and abandoning module AutomationController (486)
[2019.05.23-16.39.39:925][  3]LogModuleManager: Shutting down and abandoning module AutomationWindow (484)
[2019.05.23-16.39.39:964][  3]LogModuleManager: Shutting down and abandoning module Layers (482)
[2019.05.23-16.39.40:041][  3]LogModuleManager: Shutting down and abandoning module ComponentVisualizers (480)
[2019.05.23-16.39.40:041][  3]LogModuleManager: Shutting down and abandoning module DetailCustomizations (478)
[2019.05.23-16.39.40:054][  3]LogModuleManager: Shutting down and abandoning module PackagesDialog (476)
[2019.05.23-16.39.40:085][  3]LogModuleManager: Shutting down and abandoning module Persona (474)
[2019.05.23-16.39.40:132][  3]LogModuleManager: Shutting down and abandoning module AdvancedPreviewScene (473)
[2019.05.23-16.39.40:132][  3]LogModuleManager: Shutting down and abandoning module AnimGraph (471)
[2019.05.23-16.39.40:143][  3]LogModuleManager: Shutting down and abandoning module Kismet (468)
[2019.05.23-16.39.40:186][  3]LogModuleManager: Shutting down and abandoning module GraphEditor (466)
[2019.05.23-16.39.40:242][  3]LogModuleManager: Shutting down and abandoning module ClassViewer (464)
[2019.05.23-16.39.40:242][  3]LogModuleManager: Shutting down and abandoning module Toolbox (462)
[2019.05.23-16.39.40:242][  3]LogModuleManager: Shutting down and abandoning module ModuleUI (460)
[2019.05.23-16.39.40:258][  3]LogModuleManager: Shutting down and abandoning module MovieSceneTools (458)
[2019.05.23-16.39.40:288][  3]LogModuleManager: Shutting down and abandoning module OutputLog (456)
[2019.05.23-16.39.40:288][  3]LogModuleManager: Shutting down and abandoning module GammaUI (454)
[2019.05.23-16.39.40:302][  3]LogModuleManager: Shutting down and abandoning module Documentation (452)
[2019.05.23-16.39.40:302][  3]LogModuleManager: Shutting down and abandoning module MovieSceneTracks (450)
[2019.05.23-16.39.40:302][  3]LogModuleManager: Shutting down and abandoning module MovieScene (448)
[2019.05.23-16.39.40:322][  3]LogModuleManager: Shutting down and abandoning module StreamingPauseRendering (446)
[2019.05.23-16.39.40:336][  3]LogModuleManager: Shutting down and abandoning module LauncherPlatform (444)
[2019.05.23-16.39.40:336][  3]LogModuleManager: Shutting down and abandoning module AnalyticsET (442)
[2019.05.23-16.39.40:336][  3]LogModuleManager: Shutting down and abandoning module PortalServices (440)
[2019.05.23-16.39.40:336][  3]LogModuleManager: Shutting down and abandoning module PortalRpc (438)
[2019.05.23-16.39.40:336][  3]LogModuleManager: Shutting down and abandoning module MessagingRpc (436)
[2019.05.23-16.39.40:336][  3]LogModuleManager: Shutting down and abandoning module AIModule (434)
[2019.05.23-16.39.40:350][  3]LogModuleManager: Shutting down and abandoning module GameplayDebugger (433)
[2019.05.23-16.39.40:359][  3]LogModuleManager: Shutting down and abandoning module AITestSuite (431)
[2019.05.23-16.39.40:376][  3]LogModuleManager: Shutting down and abandoning module NavigationSystem (429)
[2019.05.23-16.39.40:377][  3]LogModuleManager: Shutting down and abandoning module DesktopPlatform (426)
[2019.05.23-16.39.40:377][  3]LogModuleManager: Shutting down and abandoning module ProfilerService (424)
[2019.05.23-16.39.40:388][  3]LogModuleManager: Shutting down and abandoning module TaskGraph (422)
[2019.05.23-16.39.40:408][  3]LogModuleManager: Shutting down and abandoning module SubstanceLiveLink (420)
[2019.05.23-16.39.40:425][  3]LogModuleManager: Shutting down and abandoning module SubstanceSource (418)
[2019.05.23-16.39.40:442][  3]LogModuleManager: Shutting down and abandoning module SubstanceEditor (416)
[2019.05.23-16.39.40:468][  3]LogModuleManager: Shutting down and abandoning module SteamVRController (414)
[2019.05.23-16.39.40:468][  3]LogModuleManager: Shutting down and abandoning module ProceduralMeshComponentEditor (412)
[2019.05.23-16.39.40:468][  3]LogModuleManager: Shutting down and abandoning module ProceduralMeshComponent (410)
[2019.05.23-16.39.40:484][  3]LogModuleManager: Shutting down and abandoning module OculusInput (408)
[2019.05.23-16.39.40:484][  3]LogModuleManager: Shutting down and abandoning module MobilePatchingUtils (406)
[2019.05.23-16.39.40:484][  3]LogModuleManager: Shutting down and abandoning module EditableMesh (404)
[2019.05.23-16.39.40:494][  3]LogModuleManager: Shutting down and abandoning module CustomMeshComponent (402)
[2019.05.23-16.39.40:494][  3]LogModuleManager: Shutting down and abandoning module CableComponent (400)
[2019.05.23-16.39.40:494][  3]LogModuleManager: Shutting down and abandoning module AudioCapture (398)
[2019.05.23-16.39.40:494][  3]LogModuleManager: Shutting down and abandoning module ArchVisCharacter (396)
[2019.05.23-16.39.40:494][  3]LogModuleManager: Shutting down and abandoning module AndroidPermission (394)
[2019.05.23-16.39.40:494][  3]LogModuleManager: Shutting down and abandoning module PerformanceMonitor (392)
[2019.05.23-16.39.40:512][  3]LogModuleManager: Shutting down and abandoning module NUTUnrealEngine4 (390)
[2019.05.23-16.39.40:512][  3]LogModuleManager: Shutting down and abandoning module NetcodeUnitTest (388)
[2019.05.23-16.39.40:551][  3]LogModuleManager: Shutting down and abandoning module MediaCompositingEditor (386)
[2019.05.23-16.39.40:551][  3]LogModuleManager: Shutting down and abandoning module MediaCompositing (384)
[2019.05.23-16.39.40:551][  3]LogModuleManager: Shutting down and abandoning module LinearTimecode (382)
[2019.05.23-16.39.40:551][  3]LogModuleManager: Shutting down and abandoning module ImgMedia (380)
[2019.05.23-16.39.40:574][  3]LogModuleManager: Shutting down and abandoning module NiagaraEditorWidgets (378)
[2019.05.23-16.39.40:622][  3]LogModuleManager: Shutting down and abandoning module HTML5Networking (376)
[2019.05.23-16.39.40:623][  3]LogModuleManager: Shutting down and abandoning module GeometryCacheTracks (374)
[2019.05.23-16.39.40:623][  3]LogModuleManager: Shutting down and abandoning module GeometryCacheSequencer (372)
[2019.05.23-16.39.40:623][  3]LogModuleManager: Shutting down and abandoning module BackChannel (370)
[2019.05.23-16.39.40:656][  3]LogModuleManager: Shutting down and abandoning module AppleVision (368)
[2019.05.23-16.39.40:656][  3]LogModuleManager: Shutting down and abandoning module AppleImageUtils (366)
[2019.05.23-16.39.40:656][  3]LogModuleManager: Shutting down and abandoning module AlembicImporter (364)
[2019.05.23-16.39.40:656][  3]LogModuleManager: Shutting down and abandoning module AlembicLibrary (363)
[2019.05.23-16.39.40:656][  3]LogModuleManager: Shutting down and abandoning module GeometryCache (362)
[2019.05.23-16.39.40:657][  3]LogModuleManager: Shutting down and abandoning module GeometryCacheEd (361)
[2019.05.23-16.39.40:657][  3]LogModuleManager: Shutting down and abandoning module DatasmithContentEditor (356)
[2019.05.23-16.39.40:696][  3]LogModuleManager: Shutting down and abandoning module DatasmithContent (354)
[2019.05.23-16.39.40:697][  3]LogModuleManager: Shutting down and abandoning module SpeedTreeImporter (352)
[2019.05.23-16.39.40:697][  3]LogModuleManager: Shutting down and abandoning module PluginBrowser (350)
[2019.05.23-16.39.40:760][  3]LogModuleManager: Shutting down and abandoning module MobileLauncherProfileWizard (348)
[2019.05.23-16.39.40:775][  3]LogModuleManager: Shutting down and abandoning module PolygonModeling (346)
[2019.05.23-16.39.40:776][  3]LogModuleManager: Shutting down and abandoning module MeshEditor (344)
[2019.05.23-16.39.40:825][  3]LogModuleManager: Shutting down and abandoning module CryptoKeysOpenSSL (342)
[2019.05.23-16.39.40:841][  3]LogModuleManager: Shutting down and abandoning module CryptoKeys (340)
[2019.05.23-16.39.40:841][  3]LogModuleManager: Shutting down and abandoning module VisualStudioSourceCodeAccess (338)
[2019.05.23-16.39.40:841][  3]LogModuleManager: Shutting down and abandoning module VisualStudioCodeSourceCodeAccess (336)
[2019.05.23-16.39.40:841][  3]LogModuleManager: Shutting down and abandoning module UObjectPlugin (334)
[2019.05.23-16.39.40:841][  3]LogModuleManager: Shutting down and abandoning module SubversionSourceControl (332)
[2019.05.23-16.39.40:877][  3]LogModuleManager: Shutting down and abandoning module PerforceSourceControl (330)
[2019.05.23-16.39.40:910][  3]LogModuleManager: Shutting down and abandoning module GitSourceControl (328)
[2019.05.23-16.39.40:947][  3]LogModuleManager: Shutting down and abandoning module SourceControl (327)
[2019.05.23-16.39.40:971][  3]LogModuleManager: Shutting down and abandoning module CLionSourceCodeAccess (324)
[2019.05.23-16.39.40:971][  3]LogModuleManager: Shutting down and abandoning module LightPropagationVolumeEditor (322)
[2019.05.23-16.39.40:973][  3]LogModuleManager: Shutting down and abandoning module PaperTiledImporter (320)
[2019.05.23-16.39.40:973][  3]LogModuleManager: Shutting down and abandoning module PaperSpriteSheetImporter (318)
[2019.05.23-16.39.40:973][  3]LogModuleManager: Shutting down and abandoning module Paper2DEditor (316)
[2019.05.23-16.39.40:999][  3]LogModuleManager: Shutting down and abandoning module MeshPaint (315)
[2019.05.23-16.39.41:015][  3]LogModuleManager: Shutting down and abandoning module RuntimePhysXCooking (312)
[2019.05.23-16.39.41:015][  3]LogModuleManager: Shutting down and abandoning module PhysXVehiclesEditor (310)
[2019.05.23-16.39.41:016][  3]LogModuleManager: Shutting down and abandoning module PhysXVehicles (308)
[2019.05.23-16.39.41:017][  3]LogModuleManager: Shutting down and abandoning module OculusEditor (306)
[2019.05.23-16.39.41:030][  3]LogModuleManager: Shutting down and abandoning module LocationServicesBPLibrary (304)
[2019.05.23-16.39.41:030][  3]LogModuleManager: Shutting down and abandoning module ImmediatePhysicsEditor (302)
[2019.05.23-16.39.41:030][  3]LogModuleManager: Shutting down and abandoning module ImmediatePhysics (300)
[2019.05.23-16.39.41:043][  3]LogModuleManager: Shutting down and abandoning module ActorSequence (298)
[2019.05.23-16.39.41:043][  3]LogModuleManager: Shutting down and abandoning module UdpMessaging (296)
[2019.05.23-16.39.41:144][  3]LogModuleManager: Shutting down and abandoning module TcpMessaging (294)
[2019.05.23-16.39.41:280][  3]LogModuleManager: Shutting down and abandoning module SubstanceCore (292)
[2019.05.23-16.39.41:317][  3]LogModuleManager: Shutting down and abandoning module MagicLeapAudio (290)
[2019.05.23-16.39.41:317][  3]LogModuleManager: Shutting down and abandoning module Niagara (288)
[2019.05.23-16.39.41:331][  3]LogModuleManager: Shutting down and abandoning module NiagaraEditor (287)
[2019.05.23-16.39.41:379][  3]LogModuleManager: Shutting down and abandoning module NiagaraCore (284)
[2019.05.23-16.39.41:379][  3]LogModuleManager: Shutting down and abandoning module GameplayTagsEditor (282)
[2019.05.23-16.39.41:398][  3]LogModuleManager: Shutting down and abandoning module FacialAnimationEditor (280)
[2019.05.23-16.39.41:398][  3]LogModuleManager: Shutting down and abandoning module FacialAnimation (278)
[2019.05.23-16.39.41:398][  3]LogModuleManager: Shutting down and abandoning module DataValidation (276)
[2019.05.23-16.39.41:398][  3]LogModuleManager: Shutting down and abandoning module AssetManagerEditor (274)
[2019.05.23-16.39.41:420][  3]LogModuleManager: Shutting down and abandoning module LevelEditor (273)
[2019.05.23-16.39.41:439][  3]LogModuleManager: Shutting down and abandoning module PixelInspectorModule (272)
[2019.05.23-16.39.41:448][  3]LogModuleManager: Shutting down and abandoning module CommonMenuExtensions (270)
[2019.05.23-16.39.41:448][  3]LogModuleManager: Shutting down and abandoning module MainFrame (268)
[2019.05.23-16.39.41:457][  3]LogModuleManager: Shutting down and abandoning module HotReload (267)
[2019.05.23-16.39.41:464][  3]LogModuleManager: Shutting down and abandoning module ContentBrowser (263)
[2019.05.23-16.39.41:465][  3]LogModuleManager: Shutting down and abandoning module TreeMap (261)
[2019.05.23-16.39.41:480][  3]LogModuleManager: Shutting down and abandoning module LightPropagationVolumeRuntime (258)
[2019.05.23-16.39.41:480][  3]LogModuleManager: Shutting down and abandoning module AISupportModule (256)
[2019.05.23-16.39.41:480][  3]LogModuleManager: Shutting down and abandoning module Paper2D (254)
[2019.05.23-16.39.41:496][  3]LogModuleManager: Shutting down and abandoning module WindowsMoviePlayer (252)
[2019.05.23-16.39.41:524][  3]LogModuleManager: Shutting down and abandoning module WmfMedia (250)
[2019.05.23-16.39.41:546][  3]LogModuleManager: Shutting down and abandoning module Media (249)
[2019.05.23-16.39.41:552][  3]LogModuleManager: Shutting down and abandoning module BlueprintMaterialTextureNodes (246)
[2019.05.23-16.39.41:552][  3]LogModuleManager: Shutting down and abandoning module PacketHandler (244)
[2019.05.23-16.39.41:552][  3]LogModuleManager: Shutting down and abandoning module ClothingSystemEditor (242)
[2019.05.23-16.39.41:552][  3]LogModuleManager: Shutting down and abandoning module ClothingSystemRuntime (240)
[2019.05.23-16.39.41:574][  3]LogModuleManager: Shutting down and abandoning module MediaAssets (238)
[2019.05.23-16.39.41:574][  3]LogModuleManager: Shutting down and abandoning module Overlay (236)
[2019.05.23-16.39.41:574][  3]LogModuleManager: Shutting down and abandoning module OverlayEditor (235)
[2019.05.23-16.39.41:574][  3]LogModuleManager: Shutting down and abandoning module VREditor (232)
[2019.05.23-16.39.41:586][  3]LogModuleManager: Shutting down and abandoning module StringTableEditor (230)
[2019.05.23-16.39.41:600][  3]LogModuleManager: Shutting down and abandoning module GameplayTasksEditor (228)
[2019.05.23-16.39.41:601][  3]LogModuleManager: Shutting down and abandoning module BehaviorTreeEditor (226)
[2019.05.23-16.39.41:634][  3]LogModuleManager: Shutting down and abandoning module FunctionalTesting (224)
[2019.05.23-16.39.41:643][  3]LogModuleManager: Shutting down and abandoning module CollisionAnalyzer (222)
[2019.05.23-16.39.41:653][  3]LogModuleManager: Shutting down and abandoning module WorkspaceMenuStructure (221)
[2019.05.23-16.39.41:653][  3]LogModuleManager: Shutting down and abandoning module UMG (218)
[2019.05.23-16.39.41:653][  3]LogModuleManager: Shutting down and abandoning module UMGEditor (217)
[2019.05.23-16.39.41:685][  3]LogModuleManager: Shutting down and abandoning module Sequencer (216)
[2019.05.23-16.39.41:722][  3]LogModuleManager: Shutting down and abandoning module MessageLog (213)
[2019.05.23-16.39.41:722][  3]LogModuleManager: Shutting down and abandoning module SlateReflector (208)
[2019.05.23-16.39.41:755][  3]LogModuleManager: Shutting down and abandoning module Slate (206)
[2019.05.23-16.39.41:755][  3]LogModuleManager: Shutting down and abandoning module EditorStyle (204)
[2019.05.23-16.39.41:758][  3]LogModuleManager: Shutting down and abandoning module MRMesh (202)
[2019.05.23-16.39.41:771][  3]LogModuleManager: Shutting down and abandoning module SourceCodeAccess (200)
[2019.05.23-16.39.41:772][  3]LogModuleManager: Shutting down and abandoning module HeadMountedDisplay (198)
[2019.05.23-16.39.41:772][  3]LogModuleManager: Shutting down and abandoning module XAudio2 (196)
[2019.05.23-16.39.41:772][  3]LogModuleManager: Shutting down and abandoning module Networking (194)
[2019.05.23-16.39.41:772][  3]LogModuleManager: Shutting down and abandoning module Core (192)
[2019.05.23-16.39.41:772][  3]LogModuleManager: Shutting down and abandoning module LevelSequence (190)
[2019.05.23-16.39.41:772][  3]LogModuleManager: Shutting down and abandoning module KismetCompiler (188)
[2019.05.23-16.39.41:772][  3]LogModuleManager: Shutting down and abandoning module MeshUtilities (186)
[2019.05.23-16.39.41:797][  3]LogModuleManager: Shutting down and abandoning module MeshMergeUtilities (185)
[2019.05.23-16.39.41:808][  3]LogModuleManager: Shutting down and abandoning module MeshReductionInterface (184)
[2019.05.23-16.39.41:808][  3]LogModuleManager: Shutting down and abandoning module SimplygonSwarm (183)
[2019.05.23-16.39.41:823][  3]LogModuleManager: Shutting down and abandoning module ProxyLODMeshReduction (181)
[2019.05.23-16.39.41:845][  3]LogModuleManager: Shutting down and abandoning module SimplygonMeshReduction (179)
[2019.05.23-16.39.41:845][  3]LogModuleManager: Shutting down and abandoning module QuadricMeshReduction (177)
[2019.05.23-16.39.41:873][  3]LogModuleManager: Shutting down and abandoning module MaterialBaking (173)
[2019.05.23-16.39.41:891][  3]LogModuleManager: Shutting down and abandoning module DirectoryWatcher (169)
[2019.05.23-16.39.41:891][  3]LogModuleManager: Shutting down and abandoning module DerivedDataCache (166)
[2019.05.23-16.39.41:901][  3]LogDerivedDataCache: Shutdown
[2019.05.23-16.39.41:901][  3]LogModuleManager: Shutting down and abandoning module XGEController (164)
[2019.05.23-16.39.41:909][  3]LogModuleManager: Shutting down and abandoning module TargetPlatform (162)
[2019.05.23-16.39.41:909][  3]LogModuleManager: Shutting down and abandoning module VulkanShaderFormat (161)
[2019.05.23-16.39.41:922][  3]LogModuleManager: Shutting down and abandoning module ShaderFormatVectorVM (159)
[2019.05.23-16.39.41:933][  3]LogModuleManager: Shutting down and abandoning module ShaderFormatOpenGL (157)
[2019.05.23-16.39.41:965][  3]LogModuleManager: Shutting down and abandoning module ShaderFormatD3D (155)
[2019.05.23-16.39.41:965][  3]LogModuleManager: Shutting down and abandoning module MetalShaderFormat (153)
[2019.05.23-16.39.41:990][  3]LogModuleManager: Shutting down and abandoning module TextureFormatUncompressed (151)
[2019.05.23-16.39.41:991][  3]LogModuleManager: Shutting down and abandoning module TextureFormatPVR (149)
[2019.05.23-16.39.41:991][  3]LogModuleManager: Shutting down and abandoning module TextureFormatDXT (147)
[2019.05.23-16.39.42:005][  3]LogModuleManager: Shutting down and abandoning module TextureFormatIntelISPCTexComp (145)
[2019.05.23-16.39.42:034][  3]LogModuleManager: Shutting down and abandoning module TextureFormatASTC (143)
[2019.05.23-16.39.42:034][  3]LogModuleManager: Shutting down and abandoning module ImageWrapper (142)
[2019.05.23-16.39.42:034][  3]LogModuleManager: Shutting down and abandoning module TextureFormatAndroid (139)
[2019.05.23-16.39.42:035][  3]LogModuleManager: Shutting down and abandoning module AudioFormatOpus (137)
[2019.05.23-16.39.42:035][  3]LogModuleManager: Shutting down and abandoning module AudioFormatOgg (135)
[2019.05.23-16.39.42:035][  3]LogModuleManager: Shutting down and abandoning module AudioFormatADPCM (133)
[2019.05.23-16.39.42:035][  3]LogModuleManager: Shutting down and abandoning module LuminTargetPlatform (131)
[2019.05.23-16.39.42:035][  3]LogModuleManager: Shutting down and abandoning module LinuxTargetPlatform (129)
[2019.05.23-16.39.42:035][  3]LogModuleManager: Shutting down and abandoning module LinuxServerTargetPlatform (127)
[2019.05.23-16.39.42:035][  3]LogModuleManager: Shutting down and abandoning module LinuxNoEditorTargetPlatform (125)
[2019.05.23-16.39.42:049][  3]LogModuleManager: Shutting down and abandoning module LinuxClientTargetPlatform (123)
[2019.05.23-16.39.42:062][  3]LogModuleManager: Shutting down and abandoning module TVOSTargetPlatform (121)
[2019.05.23-16.39.42:065][  3]LogModuleManager: Shutting down and abandoning module Messaging (119)
[2019.05.23-16.39.42:065][  3]LogModuleManager: Shutting down and abandoning module IOSTargetPlatform (117)
[2019.05.23-16.39.42:068][  3]LogModuleManager: Shutting down and abandoning module HTML5TargetPlatform (115)
[2019.05.23-16.39.42:068][  3]LogModuleManager: Shutting down and abandoning module AndroidTargetPlatform (113)
[2019.05.23-16.39.42:101][  3]LogModuleManager: Shutting down and abandoning module WindowsTargetPlatform (111)
[2019.05.23-16.39.42:101][  3]LogModuleManager: Shutting down and abandoning module WindowsServerTargetPlatform (109)
[2019.05.23-16.39.42:101][  3]LogModuleManager: Shutting down and abandoning module WindowsNoEditorTargetPlatform (107)
[2019.05.23-16.39.42:101][  3]LogModuleManager: Shutting down and abandoning module WindowsClientTargetPlatform (105)
[2019.05.23-16.39.42:101][  3]LogModuleManager: Shutting down and abandoning module MacTargetPlatform (103)
[2019.05.23-16.39.42:101][  3]LogModuleManager: Shutting down and abandoning module MacServerTargetPlatform (101)
[2019.05.23-16.39.42:101][  3]LogModuleManager: Shutting down and abandoning module MacNoEditorTargetPlatform (99)
[2019.05.23-16.39.42:101][  3]LogModuleManager: Shutting down and abandoning module MacClientTargetPlatform (97)
[2019.05.23-16.39.42:101][  3]LogModuleManager: Shutting down and abandoning module AllDesktopTargetPlatform (95)
[2019.05.23-16.39.42:101][  3]LogModuleManager: Shutting down and abandoning module InputCore (92)
[2019.05.23-16.39.42:102][  3]LogModuleManager: Shutting down and abandoning module Settings (90)
[2019.05.23-16.39.42:102][  3]LogModuleManager: Shutting down and abandoning module PhysXCooking (88)
[2019.05.23-16.39.42:102][  3]LogModuleManager: Shutting down and abandoning module SteamVR (86)
[2019.05.23-16.39.42:102][  3]LogModuleManager: Shutting down and abandoning module OculusHMD (84)
[2019.05.23-16.39.42:117][  3]LogModuleManager: Shutting down and abandoning module ExampleDeviceProfileSelector (82)
[2019.05.23-16.39.42:117][  3]LogModuleManager: Shutting down and abandoning module LauncherChunkInstaller (80)
[2019.05.23-16.39.42:117][  3]LogModuleManager: Shutting down and abandoning module OnlineBlueprintSupport (78)
[2019.05.23-16.39.42:117][  3]LogModuleManager: Shutting down and abandoning module OnlineSubsystem (74)
[2019.05.23-16.39.42:129][  3]LogModuleManager: Shutting down and abandoning module XMPP (69)
[2019.05.23-16.39.42:164][  3]LogModuleManager: Shutting down and abandoning module WebSockets (68)
[2019.05.23-16.39.42:208][  3]LogModuleManager: Shutting down and abandoning module HTTP (65)
[2019.05.23-16.39.42:223][  3]LogHttp: Display: Http module shutting down, but needs to wait on 1 outstanding Http requests:
[2019.05.23-16.39.42:223][  3]LogHttp: Display: 	verb=[POST] url=[https://datarouter.ol.epicgames.com/datarouter/api/v1/public/data?SessionID=%7B36425EF7-45D3-5265-93B3-ED9043C96991%7D&AppID=UEEditor.Rocket.Release&AppVersion=4.20.3-4369336%2B%2B%2BUE4%2BRelease-4.20&UserID=934061574128b64189c78fbdf18d0085%7C9d8b0ead3b8747b2bcb201bae394d5fe%7C0cad8c09-6930-479c-bfed-36323c413f07&AppEnvironment=datacollector-binary&UploadType=eteventstream] status=Processing
[2019.05.23-16.39.42:240][  3]LogModuleManager: Shutting down and abandoning module SSL (64)
[2019.05.23-16.39.42:260][  3]LogModuleManager: Shutting down and abandoning module MagicLeapEmulator (60)
[2019.05.23-16.39.42:260][  3]LogModuleManager: Shutting down and abandoning module MagicLeapPrivileges (58)
[2019.05.23-16.39.42:260][  3]LogModuleManager: Shutting down and abandoning module MagicLeapIdentity (56)
[2019.05.23-16.39.42:260][  3]LogModuleManager: Shutting down and abandoning module MagicLeapHelperVulkan (54)
[2019.05.23-16.39.42:260][  3]LogModuleManager: Shutting down and abandoning module MagicLeapHelperOpenGL (52)
[2019.05.23-16.39.42:260][  3]LogModuleManager: Shutting down and abandoning module MagicLeapSecureStorage (50)
[2019.05.23-16.39.42:260][  3]LogModuleManager: Shutting down and abandoning module MagicLeapGestures (48)
[2019.05.23-16.39.42:260][  3]LogModuleManager: Shutting down and abandoning module MagicLeapEyeTracker (46)
[2019.05.23-16.39.42:260][  3]LogModuleManager: Shutting down and abandoning module MagicLeapController (44)
[2019.05.23-16.39.42:260][  3]LogSlate: Slate User Destroyed.  User Index 0, Is Virtual User: 0
[2019.05.23-16.39.42:261][  3]LogModuleManager: Shutting down and abandoning module MagicLeap (42)
[2019.05.23-16.39.42:261][  3]LogModuleManager: Shutting down and abandoning module NiagaraVertexFactories (40)
[2019.05.23-16.39.42:261][  3]LogModuleManager: Shutting down and abandoning module NiagaraShader (38)
[2019.05.23-16.39.42:261][  3]LogModuleManager: Shutting down and abandoning module AnimationModifiers (36)
[2019.05.23-16.39.42:311][  3]LogModuleManager: Shutting down and abandoning module PropertyEditor (35)
[2019.05.23-16.39.42:324][  3]LogModuleManager: Shutting down and abandoning module AudioEditor (32)
[2019.05.23-16.39.42:339][  3]LogModuleManager: Shutting down and abandoning module TextureCompressor (30)
[2019.05.23-16.39.42:365][  3]LogModuleManager: Shutting down and abandoning module ShaderCore (28)
[2019.05.23-16.39.42:365][  3]LogModuleManager: Shutting down and abandoning module Landscape (26)
[2019.05.23-16.39.42:365][  3]LogModuleManager: Shutting down and abandoning module SlateRHIRenderer (24)
[2019.05.23-16.39.42:379][  3]LogModuleManager: Shutting down and abandoning module OpenGLDrv (22)
[2019.05.23-16.39.42:393][  3]LogModuleManager: Shutting down and abandoning module D3D11RHI (20)
[2019.05.23-16.39.42:393][  3]LogModuleManager: Shutting down and abandoning module AnimGraphRuntime (18)
[2019.05.23-16.39.42:402][  3]LogModuleManager: Shutting down and abandoning module Renderer (16)
[2019.05.23-16.39.42:402][  3]LogModuleManager: Shutting down and abandoning module Engine (14)
[2019.05.23-16.39.42:402][  3]LogModuleManager: Shutting down and abandoning module CoreUObject (12)
[2019.05.23-16.39.42:402][  3]LogModuleManager: Shutting down and abandoning module NetworkFile (10)
[2019.05.23-16.39.42:426][  3]LogModuleManager: Shutting down and abandoning module CookedIterativeFile (8)
[2019.05.23-16.39.42:426][  3]LogModuleManager: Shutting down and abandoning module StreamingFile (6)
[2019.05.23-16.39.42:439][  3]LogModuleManager: Shutting down and abandoning module SandboxFile (4)
[2019.05.23-16.39.42:439][  3]LogModuleManager: Shutting down and abandoning module PakFile (2)
[2019.05.23-16.39.42:467][  3]LogExit: Exiting.
[2019.05.23-16.39.42:481][  3]Log file closed, 05/23/19 13:39:42
